Log file open, 04/23/17 00:37:31
LogInit:Display: Running engine for game: BattleGame2
LogPlatformFile: Not using cached read wrapper
LogInit:Display: RandInit(-1685010239) SRandInit(-1685010239).
LogTaskGraph: Started task graph with 5 named threads and 8 total threads with 1 sets of task threads.
LogStats: Stats thread started at 0.231303
LogInit: Using libcurl 7.47.1
LogInit:  - built for x86_64-pc-win32
LogInit:  - supports SSL with OpenSSL/1.0.2g
LogInit:  - supports HTTP deflate (compression) using libz 1.2.8
LogInit:  - other features:
LogInit:      CURL_VERSION_SSL
LogInit:      CURL_VERSION_LIBZ
LogInit:      CURL_VERSION_IPV6
LogInit:      CURL_VERSION_ASYNCHDNS
LogInit:      CURL_VERSION_LARGEFILE
LogInit:      CURL_VERSION_IDN
LogInit:  CurlRequestOptions (configurable via config and command line):
LogInit:  - bVerifyPeer = false  - Libcurl will NOT verify peer certificate
LogInit:  - bUseHttpProxy = false  - Libcurl will NOT use HTTP proxy
LogInit:  - bDontReuseConnections = false  - Libcurl will reuse connections
LogInit:  - CertBundlePath = nullptr  - Libcurl will use whatever was configured at build time.
LogInit: Build: ++UE4+Release-4.15-CL-3299760
LogInit: Engine Version: 4.15.0-3299760+++UE4+Release-4.15
LogInit: Compatible Engine Version: 4.15.0-3299760+++UE4+Release-4.15
LogInit: Net CL: 3299760
LogDevObjectVersion: Number of dev versions registered: 14
LogDevObjectVersion:   Dev-Blueprints (B0D832E4-1F89-4F0D-ACCF-7EB736FD4AA2): 8
LogDevObjectVersion:   Dev-Build (E1C64328-A22C-4D53-A36C-8E866417BD8C): 0
LogDevObjectVersion:   Dev-Core (375EC13C-06E4-48FB-B500-84F0262A717E): 2
LogDevObjectVersion:   Dev-Editor (E4B068ED-F494-42E9-A231-DA0B2E46BB41): 14
LogDevObjectVersion:   Dev-Framework (CFFC743F-43B0-4480-9391-14DF171D2073): 22
LogDevObjectVersion:   Dev-Mobile (B02B49B5-BB20-44E9-A304-32B752E40360): 0
LogDevObjectVersion:   Dev-Networking (A4E4105C-59A1-49B5-A7C5-40C4547EDFEE): 0
LogDevObjectVersion:   Dev-Online (39C831C9-5AE6-47DC-9A44-9C173E1C8E7C): 0
LogDevObjectVersion:   Dev-Physics (78F01B33-EBEA-4F98-B9B4-84EACCB95AA2): 0
LogDevObjectVersion:   Dev-Platform (6631380F-2D4D-43E0-8009-CF276956A95A): 0
LogDevObjectVersion:   Dev-Rendering (12F88B9F-8875-4AFC-A67C-D90C383ABD29): 12
LogDevObjectVersion:   Dev-Sequencer (7B5AE74C-D270-4C10-A958-57980B212A5A): 3
LogDevObjectVersion:   Dev-VR (D7296918-1DD6-4BDD-9DE2-64A83CC13884): 0
LogDevObjectVersion:   Dev-LoadTimes (C2A15278-BFE7-4AFE-6C17-90FF531DF755): 1
LogInit: Compiled (64-bit): Feb 14 2017 02:04:14
LogInit: Compiled with Visual C++: 19.00.23026.00
LogInit: Build Configuration: Development
LogInit: Branch Name: ++UE4+Release-4.15
LogInit: Command line: -EpicPortal 
LogInit: Base directory: F:/Program Files/Epic Games/UE_4.15/Engine/Binaries/Win64/
LogInit: Installed Engine Build: 1
LogInit: Presizing for max 8388607 objects, including 0 objects not considered by GC, pre-allocating 0 bytes for permanent pool.
LogInit: Object subsystem initialized
[2017.04.22-15.37.32:435][  0]LogInit: Selected Device Profile: [Windows]
[2017.04.22-15.37.32:435][  0]LogInit: Applying CVar settings loaded from the selected device profile: [Windows]
[2017.04.22-15.37.32:527][  0]LogInit: Computer: DESKTOP-30D94MG
[2017.04.22-15.37.32:527][  0]LogInit: User: perpet
[2017.04.22-15.37.32:527][  0]LogInit: CPU Page size=65536, Cores=4
[2017.04.22-15.37.32:527][  0]LogInit: High frequency timer resolution =3.234374 MHz
[2017.04.22-15.37.32:527][  0]LogMemory: Memory total: Physical=6.9GB (7GB approx)
[2017.04.22-15.37.32:527][  0]LogMemory: Platform Memory Stats for Windows
[2017.04.22-15.37.32:527][  0]LogMemory: Process Physical Memory: 263.35 MB used, 263.35 MB peak
[2017.04.22-15.37.32:527][  0]LogMemory: Process Virtual Memory: 262.51 MB used, 262.51 MB peak
[2017.04.22-15.37.32:527][  0]LogMemory: Physical Memory: 4359.48 MB used,  2735.94 MB free, 7095.42 MB total
[2017.04.22-15.37.32:527][  0]LogMemory: Virtual Memory: 643.32 MB used,  2735.94 MB free, 134217728.00 MB total
[2017.04.22-15.37.33:368][  0]LogTextLocalizationManager: No specific translations for ('ko-KR') exist, so ('ko') translations will be used.
[2017.04.22-15.37.33:600][  0]LogTextLocalizationManager:Warning: Loaded localization resources contain conflicting entries for (Namespace:KismetSchema, Key:Default):
Localization Resource: (F:/Program Files/Epic Games/UE_4.15/Engine/Content/Localization/EditorTutorials/ko/EditorTutorials.locres) Source String Hash: (940523119) Localized String: (디폴트)
Localization Resource: (F:/Program Files/Epic Games/UE_4.15/Engine/Content/Localization/Engine/ko/Engine.locres) Source String Hash: (940523119) Localized String: (기본)
[2017.04.22-15.37.33:600][  0]LogTextLocalizationManager:Warning: Loaded localization resources contain conflicting entries for (Namespace:UObjectToolTips, Key:AnimNode_AssetPlayerBase:InternalTimeAccumulator):
Localization Resource: (F:/Program Files/Epic Games/UE_4.15/Engine/Content/Localization/EditorTutorials/ko/EditorTutorials.locres) Source String Hash: (502993589) Localized String: (이 노드에서 애셋을 레퍼런싱하는 데 사용되는 누적 시간입니다.)
Localization Resource: (F:/Program Files/Epic Games/UE_4.15/Engine/Content/Localization/Engine/ko/Engine.locres) Source String Hash: (502993589) Localized String: (이 노드에서 애셋을 레퍼런싱하는 데 사용된 누적 시간입니다.)
[2017.04.22-15.37.33:600][  0]LogTextLocalizationManager:Warning: Loaded localization resources contain conflicting entries for (Namespace:UObjectToolTips, Key:AnimNode_AssetPlayerBase:bIgnoreForRelevancyTest):
Localization Resource: (F:/Program Files/Epic Games/UE_4.15/Engine/Content/Localization/EditorTutorials/ko/EditorTutorials.locres) Source String Hash: (319969718) Localized String: (True 면, 스테이트에서 최고 가중치 애니메이션을 찾는 "Relevant anim" 노드는 이 노드를 무시합니다.
 )
Localization Resource: (F:/Program Files/Epic Games/UE_4.15/Engine/Content/Localization/Engine/ko/Engine.locres) Source String Hash: (319969718) Localized String: (True 면 스테이트 내 최고 웨이팅된 애니메이션을 찾는 "Relevant anim" 노드가 무시됩니다.
 )
[2017.04.22-15.37.33:600][  0]LogTextLocalizationManager:Warning: Loaded localization resources contain conflicting entries for (Namespace:UObjectToolTips, Key:AnimNode_AssetPlayerBase:BlendWeight):
Localization Resource: (F:/Program Files/Epic Games/UE_4.15/Engine/Content/Localization/EditorTutorials/ko/EditorTutorials.locres) Source String Hash: (-1232800293) Localized String: (이 노드에 마지막 걸린 블렌드웨이트 입니다.)
Localization Resource: (F:/Program Files/Epic Games/UE_4.15/Engine/Content/Localization/Engine/ko/Engine.locres) Source String Hash: (-1232800293) Localized String: (이 노드에 대해 마지막 접한 블렌드 웨이트)
[2017.04.22-15.37.43:693][  0]LogD3D11RHI: D3D11 adapters:
[2017.04.22-15.37.43:727][  0]LogD3D11RHI:    0. 'Radeon(TM) RX 460 Graphics' (Feature Level 11_0)
[2017.04.22-15.37.43:727][  0]LogD3D11RHI:       1996/0/3547 MB DedicatedVideo/DedicatedSystem/SharedSystem, Outputs:2, VendorId:0x1002
[2017.04.22-15.37.43:836][  0]LogD3D11RHI:    1. 'Intel(R) HD Graphics 530' (Feature Level 11_0)
[2017.04.22-15.37.43:836][  0]LogD3D11RHI:       128/0/3547 MB DedicatedVideo/DedicatedSystem/SharedSystem, Outputs:0, VendorId:0x8086
[2017.04.22-15.37.43:837][  0]LogD3D11RHI:    2. 'Microsoft Basic Render Driver' (Feature Level 11_0)
[2017.04.22-15.37.43:837][  0]LogD3D11RHI:       0/0/3547 MB DedicatedVideo/DedicatedSystem/SharedSystem, Outputs:0, VendorId:0x1414
[2017.04.22-15.37.43:837][  0]LogD3D11RHI: Chosen D3D11 Adapter: 0
[2017.04.22-15.37.43:842][  0]LogD3D11RHI: Creating new Direct3DDevice
[2017.04.22-15.37.43:842][  0]LogD3D11RHI:     GPU DeviceId: 0x67ef (for the marketing name, search the web for "GPU Device Id")
[2017.04.22-15.37.43:842][  0]LogWindows: EnumDisplayDevices:
[2017.04.22-15.37.43:842][  0]LogWindows:    0. '67EF:CF' (P:1 D:1)
[2017.04.22-15.37.43:843][  0]LogWindows:    1. '67EF:CF' (P:0 D:1)
[2017.04.22-15.37.43:843][  0]LogWindows:    2. '67EF:CF' (P:0 D:0)
[2017.04.22-15.37.43:844][  0]LogWindows:    3. '67EF:CF' (P:0 D:0)
[2017.04.22-15.37.43:844][  0]LogWindows:    4. '67EF:CF' (P:0 D:0)
[2017.04.22-15.37.43:845][  0]LogWindows:    5. 'Intel(R) HD Graphics 530' (P:0 D:0)
[2017.04.22-15.37.43:845][  0]LogWindows:    6. 'Intel(R) HD Graphics 530' (P:0 D:0)
[2017.04.22-15.37.43:846][  0]LogWindows:    7. 'Intel(R) HD Graphics 530' (P:0 D:0)
[2017.04.22-15.37.43:846][  0]LogWindows: DebugString: PrimaryIsNotTheChoosenAdapter PrimaryIsNotTheChoosenAdapter PrimaryIsNotTheChoosenAdapter FoundDriverCount:5 
[2017.04.22-15.37.43:846][  0]LogD3D11RHI:     Adapter Name: Radeon(TM) RX 460 Graphics
[2017.04.22-15.37.43:846][  0]LogD3D11RHI:   Driver Version: Crimson 16.6 (internal:21.19.137.514, unified:21.19.137.514)
[2017.04.22-15.37.43:846][  0]LogD3D11RHI:      Driver Date: 11-21-2016
[2017.04.22-15.37.43:846][  0]LogRHI: Texture pool is 1361 MB (70% of 1945 MB)
[2017.04.22-15.37.44:121][  0]LogD3D11RHI: Async texture creation enabled
[2017.04.22-15.37.44:131][  0]LogD3D11RHI: GPU Timing Frequency: 25.000000 (Debug: 2 1)
[2017.04.22-15.37.44:131][  0]LogShaderCompilers: Guid format shader working directory is 7 characters bigger than the processId version (../../../../../../perpet/git/BattleGame2/Intermediate/Shaders/WorkingDirectory/3436/).
[2017.04.22-15.37.44:132][  0]LogShaderCompilers: Cleaned the shader compiler working directory 'C:/Users/perpet/AppData/Local/Temp/UnrealShaderWorkingDir/6EFCC83F45AD4EE3735FFC8910171989/'.
[2017.04.22-15.37.44:132][  0]LogShaderCompilers:Display: Using Local Shader Compiler.
[2017.04.22-15.37.51:538][  0]LogTemp:Display: Loaded TP AllDesktopTargetPlatform
[2017.04.22-15.37.51:597][  0]LogTemp:Display: Loaded TP MacClientTargetPlatform
[2017.04.22-15.37.51:646][  0]LogTemp:Display: Loaded TP MacNoEditorTargetPlatform
[2017.04.22-15.37.51:687][  0]LogTemp:Display: Loaded TP MacServerTargetPlatform
[2017.04.22-15.37.51:775][  0]LogTemp:Display: Loaded TP MacTargetPlatform
[2017.04.22-15.37.51:817][  0]LogTemp:Display: Loaded TP WindowsClientTargetPlatform
[2017.04.22-15.37.51:861][  0]LogTemp:Display: Loaded TP WindowsNoEditorTargetPlatform
[2017.04.22-15.37.51:995][  0]LogTemp:Display: Loaded TP WindowsServerTargetPlatform
[2017.04.22-15.37.52:029][  0]LogTemp:Display: Loaded TP WindowsTargetPlatform
[2017.04.22-15.37.52:246][  0]LogTemp:Display: Loaded TP AndroidTargetPlatform
[2017.04.22-15.37.52:515][  0]LogTemp:Display: Loaded TP Android_ASTCTargetPlatform
[2017.04.22-15.37.52:753][  0]LogTemp:Display: Loaded TP Android_ATCTargetPlatform
[2017.04.22-15.37.53:319][  0]LogTemp:Display: Loaded TP Android_DXTTargetPlatform
[2017.04.22-15.37.53:467][  0]LogTemp:Display: Loaded TP Android_ETC1TargetPlatform
[2017.04.22-15.37.53:594][  0]LogTemp:Display: Loaded TP Android_ETC2TargetPlatform
[2017.04.22-15.37.53:868][  0]LogTemp:Display: Loaded TP Android_MultiTargetPlatform
[2017.04.22-15.37.53:868][  0]LogTemp:Display: Loaded TP Android_PVRTCTargetPlatform
[2017.04.22-15.37.54:415][  0]LogTemp:Display: Loaded TP HTML5TargetPlatform
[2017.04.22-15.37.54:719][  0]LogTemp:Display: Loaded TP IOSTargetPlatform
[2017.04.22-15.37.54:817][  0]LogTemp:Display: Loaded TP TVOSTargetPlatform
[2017.04.22-15.37.55:102][  0]LogTemp:Display: Loaded TP LinuxClientTargetPlatform
[2017.04.22-15.37.55:226][  0]LogTemp:Display: Loaded TP LinuxNoEditorTargetPlatform
[2017.04.22-15.37.55:324][  0]LogTemp:Display: Loaded TP LinuxServerTargetPlatform
[2017.04.22-15.37.55:440][  0]LogTemp:Display: Loaded TP LinuxTargetPlatform
[2017.04.22-15.37.55:440][  0]LogTargetPlatformManager:Display: Building Assets For Windows
[2017.04.22-15.37.57:150][  0]LogDerivedDataCache:Display: Max Cache Size: 512 MB
[2017.04.22-15.37.57:458][  0]LogDerivedDataCache: Loaded boot cache 0.31s 50MB C:/Users/perpet/AppData/Local/UnrealEngine/4.15/DerivedDataCache/Boot.ddc.
[2017.04.22-15.37.57:458][  0]LogDerivedDataCache:Display: Loaded Boot cache: C:/Users/perpet/AppData/Local/UnrealEngine/4.15/DerivedDataCache/Boot.ddc
[2017.04.22-15.37.57:458][  0]LogDerivedDataCache: FDerivedDataBackendGraph:  Pak pak cache file ../../../../../../perpet/git/BattleGame2/DerivedDataCache/DDC.ddp not found, will not use a pak cache.
[2017.04.22-15.37.57:458][  0]LogDerivedDataCache: Unable to find inner node Pak for hierarchical cache Hierarchy.
[2017.04.22-15.37.57:458][  0]LogDerivedDataCache: FDerivedDataBackendGraph:  CompressedPak pak cache file ../../../../../../perpet/git/BattleGame2/DerivedDataCache/Compressed.ddp not found, will not use a pak cache.
[2017.04.22-15.37.57:458][  0]LogDerivedDataCache: Unable to find inner node CompressedPak for hierarchical cache Hierarchy.
[2017.04.22-15.37.57:551][  0]LogDerivedDataCache:Display: Pak cache opened for reading ../../../Engine/DerivedDataCache/Compressed.ddp.
[2017.04.22-15.37.57:568][  0]LogDerivedDataCache: Using Local data cache path C:/Users/perpet/AppData/Local/UnrealEngine/Common/DerivedDataCache: Writable
[2017.04.22-15.37.57:576][  0]LogSlate: Using Freetype 2.6.0
[2017.04.22-15.37.57:768][  0]LogSlate: SlateFontCache - WITH_FREETYPE: 1, WITH_HARFBUZZ: 1
[2017.04.22-15.37.57:768][  0]LogSlate: SlateFontCache - WITH_FREETYPE: 1, WITH_HARFBUZZ: 1
[2017.04.22-15.38.27:645][  0]LogInit: Selected Device Profile: [Windows]
[2017.04.22-15.38.27:646][  0]LogContentStreaming: Texture pool size is 0.00 MB
[2017.04.22-15.38.27:986][  0]LogMeshUtilities: Using QuadricMeshReduction for automatic static mesh reduction
[2017.04.22-15.38.28:296][  0]LogSimplygon: Simplygon DLL not present - disabling.
[2017.04.22-15.38.28:400][  0]LogMeshUtilities: Using SimplygonSwarm for distributed automatic mesh merging
[2017.04.22-15.38.28:400][  0]LogMeshUtilities: No automatic skeletal mesh reduction module available
[2017.04.22-15.38.28:400][  0]LogMeshUtilities: No automatic mesh merging module available
[2017.04.22-15.38.29:177][  0]LogNetVersion: GetLocalNetworkVersion: CL: 3299760, ProjectName: battlegame2, ProjectVersion: , EngineNetworkVersion: 2, GameNetworkVersion: 0, NetworkChecksum: 1080619858
[2017.04.22-15.38.29:232][  0]LogAssetRegistry: FAssetRegistry took 0.0213 seconds to start up
[2017.04.22-15.38.29:269][  0]LogPackageLocalizationCache: Processed 3 localized package path(s) for 2 prioritized culture(s) in 0.022720 seconds
[2017.04.22-15.38.29:273][  0]LogUObjectArray: 32475 objects as part of root set at end of initial load.
[2017.04.22-15.38.29:273][  0]LogUObjectAllocator: 7073360 out of 0 bytes used by permanent object pool.
[2017.04.22-15.38.29:273][  0]LogUObjectArray: CloseDisregardForGC: 0/0 objects in disregard for GC pool
[2017.04.22-15.38.29:315][  0]LogInit: WinSock: version 1.1 (2.2), MaxSocks=32767, MaxUdp=65467
[2017.04.22-15.40.16:656][  0]LogTcpMessaging: Initializing TcpMessaging bridge
[2017.04.22-15.40.16:795][  0]LogUdpMessaging: Initializing bridge on interface 0.0.0.0:0 to multicast group 230.0.0.1:6666.
[2017.04.22-15.40.21:406][  0]LogMaterial: Uniform references updated for custom material expression Custom.
[2017.04.22-15.40.22:428][  0]SourceControl: 정보 소스 콘트롤이 꺼졌습니다.
[2017.04.22-15.40.22:430][  0]SourceControl: 정보 소스 콘트롤이 꺼졌습니다.
[2017.04.22-15.40.22:659][  0]SourceControl: 정보 소스 콘트롤이 꺼졌습니다.
[2017.04.22-15.40.22:815][  0]SourceControl: 정보 소스 콘트롤이 꺼졌습니다.
[2017.04.22-15.40.29:637][  0]LogEngine: Initializing Engine...
[2017.04.22-15.40.29:638][  0]LogHMD: Failed to initialize OpenVR with code 110
[2017.04.22-15.40.30:333][  0]LogAIModule: Creating AISystem for world Untitled
[2017.04.22-15.40.30:353][  0]LogInit: XAudio2 using '스피커(Realtek High Definition Audio)' : 2 channels at 48 kHz using 32 bits per sample (channel mask 0x3)
[2017.04.22-15.40.30:378][  0]LogInit: FAudioDevice initialized.
[2017.04.22-15.40.30:408][  0]LogDerivedDataCache: Saved boot cache 0.03s 50MB C:/Users/perpet/AppData/Local/UnrealEngine/4.15/DerivedDataCache/Boot.ddc.
[2017.04.22-15.40.30:417][  0]LogInit: Texture streaming: Enabled
[2017.04.22-15.40.32:457][  0]LogEngineSessionManager: EngineSessionManager initialized
[2017.04.22-15.40.32:996][  0]LogInit: Transaction tracking system initialized
[2017.04.22-15.40.33:784][  0]BlueprintLog: New page: 에디터 로드
[2017.04.22-15.40.37:739][  0]LocalizationService: 정보 현지화 서비스가 비활성화되었습니다.
[2017.04.22-15.40.40:883][  0]LogConsoleResponse:Display: 
[2017.04.22-15.40.43:951][  0]LogFileCache: Scanning file cache for directory 'F:/perpet/git/BattleGame2/Content/' took 0.01s
[2017.04.22-15.40.43:951][  0]LogCook:Display: Max memory allowance for cook 16384mb min free memory 0mb
[2017.04.22-15.40.43:951][  0]LogCook:Display: Mobile HDR setting 1
[2017.04.22-15.40.49:433][  0]SourceControl: 정보 소스 콘트롤이 꺼졌습니다.
[2017.04.22-15.40.50:170][  0]LogFactory: FactoryCreateFile: PackFactory with PackFactory (0 0 F:/Program Files/Epic Games/UE_4.15/FeaturePacks/StarterContent.upack)
[2017.04.22-15.40.50:917][  0]LogPackFactory: Finished extracting 8 files (including 0 errors).
[2017.04.22-15.40.51:030][  0]LogPackFactory: Copied "../../../Samples/StarterContent/Content/StarterContent/Architecture/Floor_400x400.uasset" to "../../../../../../perpet/git/BattleGame2/Content/StarterContent/Architecture/Floor_400x400.uasset"
[2017.04.22-15.40.51:064][  0]LogPackFactory: Copied "../../../Samples/StarterContent/Content/StarterContent/Architecture/Pillar_50x500.uasset" to "../../../../../../perpet/git/BattleGame2/Content/StarterContent/Architecture/Pillar_50x500.uasset"
[2017.04.22-15.40.51:109][  0]LogPackFactory: Copied "../../../Samples/StarterContent/Content/StarterContent/Architecture/SM_AssetPlatform.uasset" to "../../../../../../perpet/git/BattleGame2/Content/StarterContent/Architecture/SM_AssetPlatform.uasset"
[2017.04.22-15.40.51:176][  0]LogPackFactory: Copied "../../../Samples/StarterContent/Content/StarterContent/Architecture/Wall_400x200.uasset" to "../../../../../../perpet/git/BattleGame2/Content/StarterContent/Architecture/Wall_400x200.uasset"
[2017.04.22-15.40.51:211][  0]LogPackFactory: Copied "../../../Samples/StarterContent/Content/StarterContent/Architecture/Wall_400x300.uasset" to "../../../../../../perpet/git/BattleGame2/Content/StarterContent/Architecture/Wall_400x300.uasset"
[2017.04.22-15.40.51:246][  0]LogPackFactory: Copied "../../../Samples/StarterContent/Content/StarterContent/Architecture/Wall_400x400.uasset" to "../../../../../../perpet/git/BattleGame2/Content/StarterContent/Architecture/Wall_400x400.uasset"
[2017.04.22-15.40.51:282][  0]LogPackFactory: Copied "../../../Samples/StarterContent/Content/StarterContent/Architecture/Wall_500x500.uasset" to "../../../../../../perpet/git/BattleGame2/Content/StarterContent/Architecture/Wall_500x500.uasset"
[2017.04.22-15.40.51:308][  0]LogPackFactory: Copied "../../../Samples/StarterContent/Content/StarterContent/Architecture/Wall_Door_400x300.uasset" to "../../../../../../perpet/git/BattleGame2/Content/StarterContent/Architecture/Wall_Door_400x300.uasset"
[2017.04.22-15.40.51:344][  0]LogPackFactory: Copied "../../../Samples/StarterContent/Content/StarterContent/Architecture/Wall_Door_400x400.uasset" to "../../../../../../perpet/git/BattleGame2/Content/StarterContent/Architecture/Wall_Door_400x400.uasset"
[2017.04.22-15.40.51:425][  0]LogPackFactory: Copied "../../../Samples/StarterContent/Content/StarterContent/Architecture/Wall_Window_400x300.uasset" to "../../../../../../perpet/git/BattleGame2/Content/StarterContent/Architecture/Wall_Window_400x300.uasset"
[2017.04.22-15.40.51:467][  0]LogPackFactory: Copied "../../../Samples/StarterContent/Content/StarterContent/Architecture/Wall_Window_400x400.uasset" to "../../../../../../perpet/git/BattleGame2/Content/StarterContent/Architecture/Wall_Window_400x400.uasset"
[2017.04.22-15.40.51:508][  0]LogPackFactory: Copied "../../../Samples/StarterContent/Content/StarterContent/Audio/Collapse01.uasset" to "../../../../../../perpet/git/BattleGame2/Content/StarterContent/Audio/Collapse01.uasset"
[2017.04.22-15.40.51:577][  0]LogPackFactory: Copied "../../../Samples/StarterContent/Content/StarterContent/Audio/Collapse02.uasset" to "../../../../../../perpet/git/BattleGame2/Content/StarterContent/Audio/Collapse02.uasset"
[2017.04.22-15.40.51:580][  0]LogPackFactory: Copied "../../../Samples/StarterContent/Content/StarterContent/Audio/Collapse_Cue.uasset" to "../../../../../../perpet/git/BattleGame2/Content/StarterContent/Audio/Collapse_Cue.uasset"
[2017.04.22-15.40.51:630][  0]LogPackFactory: Copied "../../../Samples/StarterContent/Content/StarterContent/Audio/Explosion01.uasset" to "../../../../../../perpet/git/BattleGame2/Content/StarterContent/Audio/Explosion01.uasset"
[2017.04.22-15.40.51:692][  0]LogPackFactory: Copied "../../../Samples/StarterContent/Content/StarterContent/Audio/Explosion02.uasset" to "../../../../../../perpet/git/BattleGame2/Content/StarterContent/Audio/Explosion02.uasset"
[2017.04.22-15.40.51:748][  0]LogPackFactory: Copied "../../../Samples/StarterContent/Content/StarterContent/Audio/Explosion_Cue.uasset" to "../../../../../../perpet/git/BattleGame2/Content/StarterContent/Audio/Explosion_Cue.uasset"
[2017.04.22-15.40.51:827][  0]LogPackFactory: Copied "../../../Samples/StarterContent/Content/StarterContent/Audio/Fire01.uasset" to "../../../../../../perpet/git/BattleGame2/Content/StarterContent/Audio/Fire01.uasset"
[2017.04.22-15.40.51:913][  0]LogPackFactory: Copied "../../../Samples/StarterContent/Content/StarterContent/Audio/Fire01_Cue.uasset" to "../../../../../../perpet/git/BattleGame2/Content/StarterContent/Audio/Fire01_Cue.uasset"
[2017.04.22-15.40.51:957][  0]LogPackFactory: Copied "../../../Samples/StarterContent/Content/StarterContent/Audio/Fire_Sparks01.uasset" to "../../../../../../perpet/git/BattleGame2/Content/StarterContent/Audio/Fire_Sparks01.uasset"
[2017.04.22-15.40.51:974][  0]LogPackFactory: Copied "../../../Samples/StarterContent/Content/StarterContent/Audio/Fire_Sparks01_Cue.uasset" to "../../../../../../perpet/git/BattleGame2/Content/StarterContent/Audio/Fire_Sparks01_Cue.uasset"
[2017.04.22-15.40.52:075][  0]LogPackFactory: Copied "../../../Samples/StarterContent/Content/StarterContent/Audio/Light01.uasset" to "../../../../../../perpet/git/BattleGame2/Content/StarterContent/Audio/Light01.uasset"
[2017.04.22-15.40.52:078][  0]LogPackFactory: Copied "../../../Samples/StarterContent/Content/StarterContent/Audio/Light01_Cue.uasset" to "../../../../../../perpet/git/BattleGame2/Content/StarterContent/Audio/Light01_Cue.uasset"
[2017.04.22-15.40.52:110][  0]LogPackFactory: Copied "../../../Samples/StarterContent/Content/StarterContent/Audio/Light02.uasset" to "../../../../../../perpet/git/BattleGame2/Content/StarterContent/Audio/Light02.uasset"
[2017.04.22-15.40.52:166][  0]LogPackFactory: Copied "../../../Samples/StarterContent/Content/StarterContent/Audio/Light02_Cue.uasset" to "../../../../../../perpet/git/BattleGame2/Content/StarterContent/Audio/Light02_Cue.uasset"
[2017.04.22-15.40.52:217][  0]LogPackFactory: Copied "../../../Samples/StarterContent/Content/StarterContent/Audio/Smoke01.uasset" to "../../../../../../perpet/git/BattleGame2/Content/StarterContent/Audio/Smoke01.uasset"
[2017.04.22-15.40.52:274][  0]LogPackFactory: Copied "../../../Samples/StarterContent/Content/StarterContent/Audio/Smoke01_Cue.uasset" to "../../../../../../perpet/git/BattleGame2/Content/StarterContent/Audio/Smoke01_Cue.uasset"
[2017.04.22-15.40.52:311][  0]LogPackFactory: Copied "../../../Samples/StarterContent/Content/StarterContent/Audio/Starter_Background_Cue.uasset" to "../../../../../../perpet/git/BattleGame2/Content/StarterContent/Audio/Starter_Background_Cue.uasset"
[2017.04.22-15.40.52:370][  0]LogPackFactory: Copied "../../../Samples/StarterContent/Content/StarterContent/Audio/Starter_Birds01.uasset" to "../../../../../../perpet/git/BattleGame2/Content/StarterContent/Audio/Starter_Birds01.uasset"
[2017.04.22-15.40.52:530][  0]LogPackFactory: Copied "../../../Samples/StarterContent/Content/StarterContent/Audio/Starter_Music01.uasset" to "../../../../../../perpet/git/BattleGame2/Content/StarterContent/Audio/Starter_Music01.uasset"
[2017.04.22-15.40.52:550][  0]LogPackFactory: Copied "../../../Samples/StarterContent/Content/StarterContent/Audio/Starter_Music_Cue.uasset" to "../../../../../../perpet/git/BattleGame2/Content/StarterContent/Audio/Starter_Music_Cue.uasset"
[2017.04.22-15.40.52:599][  0]LogPackFactory: Copied "../../../Samples/StarterContent/Content/StarterContent/Audio/Starter_Wind05.uasset" to "../../../../../../perpet/git/BattleGame2/Content/StarterContent/Audio/Starter_Wind05.uasset"
[2017.04.22-15.40.52:673][  0]LogPackFactory: Copied "../../../Samples/StarterContent/Content/StarterContent/Audio/Starter_Wind06.uasset" to "../../../../../../perpet/git/BattleGame2/Content/StarterContent/Audio/Starter_Wind06.uasset"
[2017.04.22-15.40.52:754][  0]LogPackFactory: Copied "../../../Samples/StarterContent/Content/StarterContent/Audio/Steam01.uasset" to "../../../../../../perpet/git/BattleGame2/Content/StarterContent/Audio/Steam01.uasset"
[2017.04.22-15.40.52:761][  0]LogPackFactory: Copied "../../../Samples/StarterContent/Content/StarterContent/Audio/Steam01_Cue.uasset" to "../../../../../../perpet/git/BattleGame2/Content/StarterContent/Audio/Steam01_Cue.uasset"
[2017.04.22-15.40.52:951][  0]LogPackFactory: Copied "../../../Samples/StarterContent/Content/StarterContent/Blueprints/Blueprint_CeilingLight.uasset" to "../../../../../../perpet/git/BattleGame2/Content/StarterContent/Blueprints/Blueprint_CeilingLight.uasset"
[2017.04.22-15.40.53:014][  0]LogPackFactory: Copied "../../../Samples/StarterContent/Content/StarterContent/Blueprints/Blueprint_Effect_Explosion.uasset" to "../../../../../../perpet/git/BattleGame2/Content/StarterContent/Blueprints/Blueprint_Effect_Explosion.uasset"
[2017.04.22-15.40.53:053][  0]LogPackFactory: Copied "../../../Samples/StarterContent/Content/StarterContent/Blueprints/Blueprint_Effect_Fire.uasset" to "../../../../../../perpet/git/BattleGame2/Content/StarterContent/Blueprints/Blueprint_Effect_Fire.uasset"
[2017.04.22-15.40.53:113][  0]LogPackFactory: Copied "../../../Samples/StarterContent/Content/StarterContent/Blueprints/Blueprint_Effect_Smoke.uasset" to "../../../../../../perpet/git/BattleGame2/Content/StarterContent/Blueprints/Blueprint_Effect_Smoke.uasset"
[2017.04.22-15.40.53:151][  0]LogPackFactory: Copied "../../../Samples/StarterContent/Content/StarterContent/Blueprints/Blueprint_Effect_Sparks.uasset" to "../../../../../../perpet/git/BattleGame2/Content/StarterContent/Blueprints/Blueprint_Effect_Sparks.uasset"
[2017.04.22-15.40.53:292][  0]LogPackFactory: Copied "../../../Samples/StarterContent/Content/StarterContent/Blueprints/Blueprint_Effect_Steam.uasset" to "../../../../../../perpet/git/BattleGame2/Content/StarterContent/Blueprints/Blueprint_Effect_Steam.uasset"
[2017.04.22-15.40.53:343][  0]LogPackFactory: Copied "../../../Samples/StarterContent/Content/StarterContent/Blueprints/Blueprint_WallSconce.uasset" to "../../../../../../perpet/git/BattleGame2/Content/StarterContent/Blueprints/Blueprint_WallSconce.uasset"
[2017.04.22-15.40.53:395][  0]LogPackFactory: Copied "../../../Samples/StarterContent/Content/StarterContent/Blueprints/BP_LightStudio.uasset" to "../../../../../../perpet/git/BattleGame2/Content/StarterContent/Blueprints/BP_LightStudio.uasset"
[2017.04.22-15.40.53:445][  0]LogPackFactory: Copied "../../../Samples/StarterContent/Content/StarterContent/Blueprints/Assets/FogBrightnessLUT.uasset" to "../../../../../../perpet/git/BattleGame2/Content/StarterContent/Blueprints/Assets/FogBrightnessLUT.uasset"
[2017.04.22-15.40.53:480][  0]LogPackFactory: Copied "../../../Samples/StarterContent/Content/StarterContent/Blueprints/Assets/M_LightStage_Arrows.uasset" to "../../../../../../perpet/git/BattleGame2/Content/StarterContent/Blueprints/Assets/M_LightStage_Arrows.uasset"
[2017.04.22-15.40.53:555][  0]LogPackFactory: Copied "../../../Samples/StarterContent/Content/StarterContent/Blueprints/Assets/M_LightStage_Skybox_Black.uasset" to "../../../../../../perpet/git/BattleGame2/Content/StarterContent/Blueprints/Assets/M_LightStage_Skybox_Black.uasset"
[2017.04.22-15.40.53:609][  0]LogPackFactory: Copied "../../../Samples/StarterContent/Content/StarterContent/Blueprints/Assets/M_LightStage_Skybox_HDRI.uasset" to "../../../../../../perpet/git/BattleGame2/Content/StarterContent/Blueprints/Assets/M_LightStage_Skybox_HDRI.uasset"
[2017.04.22-15.40.53:650][  0]LogPackFactory: Copied "../../../Samples/StarterContent/Content/StarterContent/Blueprints/Assets/M_LightStage_Skybox_Master.uasset" to "../../../../../../perpet/git/BattleGame2/Content/StarterContent/Blueprints/Assets/M_LightStage_Skybox_Master.uasset"
[2017.04.22-15.40.53:708][  0]LogPackFactory: Copied "../../../Samples/StarterContent/Content/StarterContent/Blueprints/Assets/Skybox.uasset" to "../../../../../../perpet/git/BattleGame2/Content/StarterContent/Blueprints/Assets/Skybox.uasset"
[2017.04.22-15.40.53:749][  0]LogPackFactory: Copied "../../../Samples/StarterContent/Content/StarterContent/Blueprints/Assets/SM_Arrows.uasset" to "../../../../../../perpet/git/BattleGame2/Content/StarterContent/Blueprints/Assets/SM_Arrows.uasset"
[2017.04.22-15.40.53:984][  0]LogPackFactory: Copied "../../../Samples/StarterContent/Content/StarterContent/Blueprints/Assets/SunlightColorLUT.uasset" to "../../../../../../perpet/git/BattleGame2/Content/StarterContent/Blueprints/Assets/SunlightColorLUT.uasset"
[2017.04.22-15.40.55:735][  0]LogPackFactory: Copied "../../../Samples/StarterContent/Content/StarterContent/HDRI/HDRI_Epic_Courtyard_Daylight.uasset" to "../../../../../../perpet/git/BattleGame2/Content/StarterContent/HDRI/HDRI_Epic_Courtyard_Daylight.uasset"
[2017.04.22-15.40.55:778][  0]LogPackFactory: Copied "../../../Samples/StarterContent/Content/StarterContent/Maps/Advanced_Lighting.umap" to "../../../../../../perpet/git/BattleGame2/Content/StarterContent/Maps/Advanced_Lighting.umap"
[2017.04.22-15.40.55:879][  0]LogPackFactory: Copied "../../../Samples/StarterContent/Content/StarterContent/Maps/Advanced_Lighting_BuiltData.uasset" to "../../../../../../perpet/git/BattleGame2/Content/StarterContent/Maps/Advanced_Lighting_BuiltData.uasset"
[2017.04.22-15.40.55:953][  0]LogPackFactory: Copied "../../../Samples/StarterContent/Content/StarterContent/Maps/Minimal_Default.umap" to "../../../../../../perpet/git/BattleGame2/Content/StarterContent/Maps/Minimal_Default.umap"
[2017.04.22-15.40.56:017][  0]LogPackFactory: Copied "../../../Samples/StarterContent/Content/StarterContent/Maps/Minimal_Default_BuiltData.uasset" to "../../../../../../perpet/git/BattleGame2/Content/StarterContent/Maps/Minimal_Default_BuiltData.uasset"
[2017.04.22-15.40.56:125][  0]LogPackFactory: Copied "../../../Samples/StarterContent/Content/StarterContent/Maps/StarterMap.umap" to "../../../../../../perpet/git/BattleGame2/Content/StarterContent/Maps/StarterMap.umap"
[2017.04.22-15.40.56:296][  0]LogPackFactory: Copied "../../../Samples/StarterContent/Content/StarterContent/Maps/StarterMap_BuiltData.uasset" to "../../../../../../perpet/git/BattleGame2/Content/StarterContent/Maps/StarterMap_BuiltData.uasset"
[2017.04.22-15.40.56:352][  0]LogPackFactory: Copied "../../../Samples/StarterContent/Content/StarterContent/Materials/M_AssetPlatform.uasset" to "../../../../../../perpet/git/BattleGame2/Content/StarterContent/Materials/M_AssetPlatform.uasset"
[2017.04.22-15.40.56:417][  0]LogPackFactory: Copied "../../../Samples/StarterContent/Content/StarterContent/Materials/M_Basic_Floor.uasset" to "../../../../../../perpet/git/BattleGame2/Content/StarterContent/Materials/M_Basic_Floor.uasset"
[2017.04.22-15.40.56:520][  0]LogPackFactory: Copied "../../../Samples/StarterContent/Content/StarterContent/Materials/M_Basic_Wall.uasset" to "../../../../../../perpet/git/BattleGame2/Content/StarterContent/Materials/M_Basic_Wall.uasset"
[2017.04.22-15.40.56:582][  0]LogPackFactory: Copied "../../../Samples/StarterContent/Content/StarterContent/Materials/M_Brick_Clay_Beveled.uasset" to "../../../../../../perpet/git/BattleGame2/Content/StarterContent/Materials/M_Brick_Clay_Beveled.uasset"
[2017.04.22-15.40.56:681][  0]LogPackFactory: Copied "../../../Samples/StarterContent/Content/StarterContent/Materials/M_Brick_Clay_New.uasset" to "../../../../../../perpet/git/BattleGame2/Content/StarterContent/Materials/M_Brick_Clay_New.uasset"
[2017.04.22-15.40.56:715][  0]LogPackFactory: Copied "../../../Samples/StarterContent/Content/StarterContent/Materials/M_Brick_Clay_Old.uasset" to "../../../../../../perpet/git/BattleGame2/Content/StarterContent/Materials/M_Brick_Clay_Old.uasset"
[2017.04.22-15.40.56:779][  0]LogPackFactory: Copied "../../../Samples/StarterContent/Content/StarterContent/Materials/M_Brick_Cut_Stone.uasset" to "../../../../../../perpet/git/BattleGame2/Content/StarterContent/Materials/M_Brick_Cut_Stone.uasset"
[2017.04.22-15.40.56:837][  0]LogPackFactory: Copied "../../../Samples/StarterContent/Content/StarterContent/Materials/M_Brick_Hewn_Stone.uasset" to "../../../../../../perpet/git/BattleGame2/Content/StarterContent/Materials/M_Brick_Hewn_Stone.uasset"
[2017.04.22-15.40.56:912][  0]LogPackFactory: Copied "../../../Samples/StarterContent/Content/StarterContent/Materials/M_Ceramic_Tile_Checker.uasset" to "../../../../../../perpet/git/BattleGame2/Content/StarterContent/Materials/M_Ceramic_Tile_Checker.uasset"
[2017.04.22-15.40.56:974][  0]LogPackFactory: Copied "../../../Samples/StarterContent/Content/StarterContent/Materials/M_CobbleStone_Pebble.uasset" to "../../../../../../perpet/git/BattleGame2/Content/StarterContent/Materials/M_CobbleStone_Pebble.uasset"
[2017.04.22-15.40.57:051][  0]LogPackFactory: Copied "../../../Samples/StarterContent/Content/StarterContent/Materials/M_CobbleStone_Rough.uasset" to "../../../../../../perpet/git/BattleGame2/Content/StarterContent/Materials/M_CobbleStone_Rough.uasset"
[2017.04.22-15.40.57:109][  0]LogPackFactory: Copied "../../../Samples/StarterContent/Content/StarterContent/Materials/M_CobbleStone_Smooth.uasset" to "../../../../../../perpet/git/BattleGame2/Content/StarterContent/Materials/M_CobbleStone_Smooth.uasset"
[2017.04.22-15.40.57:168][  0]LogPackFactory: Copied "../../../Samples/StarterContent/Content/StarterContent/Materials/M_ColorGrid_LowSpec.uasset" to "../../../../../../perpet/git/BattleGame2/Content/StarterContent/Materials/M_ColorGrid_LowSpec.uasset"
[2017.04.22-15.40.57:217][  0]LogPackFactory: Copied "../../../Samples/StarterContent/Content/StarterContent/Materials/M_Concrete_Grime.uasset" to "../../../../../../perpet/git/BattleGame2/Content/StarterContent/Materials/M_Concrete_Grime.uasset"
[2017.04.22-15.40.57:292][  0]LogPackFactory: Copied "../../../Samples/StarterContent/Content/StarterContent/Materials/M_Concrete_Panels.uasset" to "../../../../../../perpet/git/BattleGame2/Content/StarterContent/Materials/M_Concrete_Panels.uasset"
[2017.04.22-15.40.57:350][  0]LogPackFactory: Copied "../../../Samples/StarterContent/Content/StarterContent/Materials/M_Concrete_Poured.uasset" to "../../../../../../perpet/git/BattleGame2/Content/StarterContent/Materials/M_Concrete_Poured.uasset"
[2017.04.22-15.40.57:429][  0]LogPackFactory: Copied "../../../Samples/StarterContent/Content/StarterContent/Materials/M_Concrete_Tiles.uasset" to "../../../../../../perpet/git/BattleGame2/Content/StarterContent/Materials/M_Concrete_Tiles.uasset"
[2017.04.22-15.40.57:485][  0]LogPackFactory: Copied "../../../Samples/StarterContent/Content/StarterContent/Materials/M_Glass.uasset" to "../../../../../../perpet/git/BattleGame2/Content/StarterContent/Materials/M_Glass.uasset"
[2017.04.22-15.40.57:547][  0]LogPackFactory: Copied "../../../Samples/StarterContent/Content/StarterContent/Materials/M_Ground_Grass.uasset" to "../../../../../../perpet/git/BattleGame2/Content/StarterContent/Materials/M_Ground_Grass.uasset"
[2017.04.22-15.40.57:612][  0]LogPackFactory: Copied "../../../Samples/StarterContent/Content/StarterContent/Materials/M_Ground_Gravel.uasset" to "../../../../../../perpet/git/BattleGame2/Content/StarterContent/Materials/M_Ground_Gravel.uasset"
[2017.04.22-15.40.57:682][  0]LogPackFactory: Copied "../../../Samples/StarterContent/Content/StarterContent/Materials/M_Ground_Moss.uasset" to "../../../../../../perpet/git/BattleGame2/Content/StarterContent/Materials/M_Ground_Moss.uasset"
[2017.04.22-15.40.58:044][  0]LogPackFactory: Copied "../../../Samples/StarterContent/Content/StarterContent/Materials/M_Metal_Brushed_Nickel.uasset" to "../../../../../../perpet/git/BattleGame2/Content/StarterContent/Materials/M_Metal_Brushed_Nickel.uasset"
[2017.04.22-15.40.59:152][  0]LogPackFactory: Copied "../../../Samples/StarterContent/Content/StarterContent/Materials/M_Metal_Burnished_Steel.uasset" to "../../../../../../perpet/git/BattleGame2/Content/StarterContent/Materials/M_Metal_Burnished_Steel.uasset"
[2017.04.22-15.40.59:185][  0]LogPackFactory: Copied "../../../Samples/StarterContent/Content/StarterContent/Materials/M_Metal_Chrome.uasset" to "../../../../../../perpet/git/BattleGame2/Content/StarterContent/Materials/M_Metal_Chrome.uasset"
[2017.04.22-15.40.59:215][  0]LogPackFactory: Copied "../../../Samples/StarterContent/Content/StarterContent/Materials/M_Metal_Copper.uasset" to "../../../../../../perpet/git/BattleGame2/Content/StarterContent/Materials/M_Metal_Copper.uasset"
[2017.04.22-15.40.59:559][  0]LogPackFactory: Copied "../../../Samples/StarterContent/Content/StarterContent/Materials/M_Metal_Gold.uasset" to "../../../../../../perpet/git/BattleGame2/Content/StarterContent/Materials/M_Metal_Gold.uasset"
[2017.04.22-15.40.59:649][  0]LogPackFactory: Copied "../../../Samples/StarterContent/Content/StarterContent/Materials/M_Metal_Rust.uasset" to "../../../../../../perpet/git/BattleGame2/Content/StarterContent/Materials/M_Metal_Rust.uasset"
[2017.04.22-15.40.59:712][  0]LogPackFactory: Copied "../../../Samples/StarterContent/Content/StarterContent/Materials/M_Metal_Steel.uasset" to "../../../../../../perpet/git/BattleGame2/Content/StarterContent/Materials/M_Metal_Steel.uasset"
[2017.04.22-15.41.00:151][  0]LogPackFactory: Copied "../../../Samples/StarterContent/Content/StarterContent/Materials/M_Rock_Basalt.uasset" to "../../../../../../perpet/git/BattleGame2/Content/StarterContent/Materials/M_Rock_Basalt.uasset"
[2017.04.22-15.41.00:188][  0]LogPackFactory: Copied "../../../Samples/StarterContent/Content/StarterContent/Materials/M_Rock_Marble_Polished.uasset" to "../../../../../../perpet/git/BattleGame2/Content/StarterContent/Materials/M_Rock_Marble_Polished.uasset"
[2017.04.22-15.41.00:231][  0]LogPackFactory: Copied "../../../Samples/StarterContent/Content/StarterContent/Materials/M_Rock_Sandstone.uasset" to "../../../../../../perpet/git/BattleGame2/Content/StarterContent/Materials/M_Rock_Sandstone.uasset"
[2017.04.22-15.41.00:277][  0]LogPackFactory: Copied "../../../Samples/StarterContent/Content/StarterContent/Materials/M_Rock_Slate.uasset" to "../../../../../../perpet/git/BattleGame2/Content/StarterContent/Materials/M_Rock_Slate.uasset"
[2017.04.22-15.41.00:314][  0]LogPackFactory: Copied "../../../Samples/StarterContent/Content/StarterContent/Materials/M_Tech_Checker_Dot.uasset" to "../../../../../../perpet/git/BattleGame2/Content/StarterContent/Materials/M_Tech_Checker_Dot.uasset"
[2017.04.22-15.41.00:362][  0]LogPackFactory: Copied "../../../Samples/StarterContent/Content/StarterContent/Materials/M_Tech_Hex_Tile.uasset" to "../../../../../../perpet/git/BattleGame2/Content/StarterContent/Materials/M_Tech_Hex_Tile.uasset"
[2017.04.22-15.41.00:432][  0]LogPackFactory: Copied "../../../Samples/StarterContent/Content/StarterContent/Materials/M_Tech_Hex_Tile_Pulse.uasset" to "../../../../../../perpet/git/BattleGame2/Content/StarterContent/Materials/M_Tech_Hex_Tile_Pulse.uasset"
[2017.04.22-15.41.00:470][  0]LogPackFactory: Copied "../../../Samples/StarterContent/Content/StarterContent/Materials/M_Tech_Panel.uasset" to "../../../../../../perpet/git/BattleGame2/Content/StarterContent/Materials/M_Tech_Panel.uasset"
[2017.04.22-15.41.00:524][  0]LogPackFactory: Copied "../../../Samples/StarterContent/Content/StarterContent/Materials/M_Water_Lake.uasset" to "../../../../../../perpet/git/BattleGame2/Content/StarterContent/Materials/M_Water_Lake.uasset"
[2017.04.22-15.41.00:596][  0]LogPackFactory: Copied "../../../Samples/StarterContent/Content/StarterContent/Materials/M_Water_Ocean.uasset" to "../../../../../../perpet/git/BattleGame2/Content/StarterContent/Materials/M_Water_Ocean.uasset"
[2017.04.22-15.41.00:959][  0]LogPackFactory: Copied "../../../Samples/StarterContent/Content/StarterContent/Materials/M_Wood_Floor_Walnut_Polished.uasset" to "../../../../../../perpet/git/BattleGame2/Content/StarterContent/Materials/M_Wood_Floor_Walnut_Polished.uasset"
[2017.04.22-15.41.01:291][  0]LogPackFactory: Copied "../../../Samples/StarterContent/Content/StarterContent/Materials/M_Wood_Floor_Walnut_Worn.uasset" to "../../../../../../perpet/git/BattleGame2/Content/StarterContent/Materials/M_Wood_Floor_Walnut_Worn.uasset"
[2017.04.22-15.41.01:363][  0]LogPackFactory: Copied "../../../Samples/StarterContent/Content/StarterContent/Materials/M_Wood_Oak.uasset" to "../../../../../../perpet/git/BattleGame2/Content/StarterContent/Materials/M_Wood_Oak.uasset"
[2017.04.22-15.41.01:436][  0]LogPackFactory: Copied "../../../Samples/StarterContent/Content/StarterContent/Materials/M_Wood_Pine.uasset" to "../../../../../../perpet/git/BattleGame2/Content/StarterContent/Materials/M_Wood_Pine.uasset"
[2017.04.22-15.41.01:481][  0]LogPackFactory: Copied "../../../Samples/StarterContent/Content/StarterContent/Materials/M_Wood_Walnut.uasset" to "../../../../../../perpet/git/BattleGame2/Content/StarterContent/Materials/M_Wood_Walnut.uasset"
[2017.04.22-15.41.01:552][  0]LogPackFactory: Copied "../../../Samples/StarterContent/Content/StarterContent/Particles/P_Ambient_Dust.uasset" to "../../../../../../perpet/git/BattleGame2/Content/StarterContent/Particles/P_Ambient_Dust.uasset"
[2017.04.22-15.41.01:609][  0]LogPackFactory: Copied "../../../Samples/StarterContent/Content/StarterContent/Particles/P_Explosion.uasset" to "../../../../../../perpet/git/BattleGame2/Content/StarterContent/Particles/P_Explosion.uasset"
[2017.04.22-15.41.01:703][  0]LogPackFactory: Copied "../../../Samples/StarterContent/Content/StarterContent/Particles/P_Fire.uasset" to "../../../../../../perpet/git/BattleGame2/Content/StarterContent/Particles/P_Fire.uasset"
[2017.04.22-15.41.01:762][  0]LogPackFactory: Copied "../../../Samples/StarterContent/Content/StarterContent/Particles/P_Smoke.uasset" to "../../../../../../perpet/git/BattleGame2/Content/StarterContent/Particles/P_Smoke.uasset"
[2017.04.22-15.41.01:852][  0]LogPackFactory: Copied "../../../Samples/StarterContent/Content/StarterContent/Particles/P_Sparks.uasset" to "../../../../../../perpet/git/BattleGame2/Content/StarterContent/Particles/P_Sparks.uasset"
[2017.04.22-15.41.01:920][  0]LogPackFactory: Copied "../../../Samples/StarterContent/Content/StarterContent/Particles/P_Steam_Lit.uasset" to "../../../../../../perpet/git/BattleGame2/Content/StarterContent/Particles/P_Steam_Lit.uasset"
[2017.04.22-15.41.01:976][  0]LogPackFactory: Copied "../../../Samples/StarterContent/Content/StarterContent/Particles/Materials/M_Burst.uasset" to "../../../../../../perpet/git/BattleGame2/Content/StarterContent/Particles/Materials/M_Burst.uasset"
[2017.04.22-15.41.02:141][  0]LogPackFactory: Copied "../../../Samples/StarterContent/Content/StarterContent/Particles/Materials/M_Dust_Particle.uasset" to "../../../../../../perpet/git/BattleGame2/Content/StarterContent/Particles/Materials/M_Dust_Particle.uasset"
[2017.04.22-15.41.02:250][  0]LogPackFactory: Copied "../../../Samples/StarterContent/Content/StarterContent/Particles/Materials/M_explosion_subUV.uasset" to "../../../../../../perpet/git/BattleGame2/Content/StarterContent/Particles/Materials/M_explosion_subUV.uasset"
[2017.04.22-15.41.02:283][  0]LogPackFactory: Copied "../../../Samples/StarterContent/Content/StarterContent/Particles/Materials/M_Fire_SubUV.uasset" to "../../../../../../perpet/git/BattleGame2/Content/StarterContent/Particles/Materials/M_Fire_SubUV.uasset"
[2017.04.22-15.41.02:297][  0]LogPackFactory: Copied "../../../Samples/StarterContent/Content/StarterContent/Particles/Materials/m_flare_01.uasset" to "../../../../../../perpet/git/BattleGame2/Content/StarterContent/Particles/Materials/m_flare_01.uasset"
[2017.04.22-15.41.02:378][  0]LogPackFactory: Copied "../../../Samples/StarterContent/Content/StarterContent/Particles/Materials/M_Heat_Distortion.uasset" to "../../../../../../perpet/git/BattleGame2/Content/StarterContent/Particles/Materials/M_Heat_Distortion.uasset"
[2017.04.22-15.41.02:451][  0]LogPackFactory: Copied "../../../Samples/StarterContent/Content/StarterContent/Particles/Materials/M_Radial_Gradient.uasset" to "../../../../../../perpet/git/BattleGame2/Content/StarterContent/Particles/Materials/M_Radial_Gradient.uasset"
[2017.04.22-15.41.02:514][  0]LogPackFactory: Copied "../../../Samples/StarterContent/Content/StarterContent/Particles/Materials/M_radial_ramp.uasset" to "../../../../../../perpet/git/BattleGame2/Content/StarterContent/Particles/Materials/M_radial_ramp.uasset"
[2017.04.22-15.41.02:577][  0]LogPackFactory: Copied "../../../Samples/StarterContent/Content/StarterContent/Particles/Materials/M_smoke_subUV.uasset" to "../../../../../../perpet/git/BattleGame2/Content/StarterContent/Particles/Materials/M_smoke_subUV.uasset"
[2017.04.22-15.41.02:665][  0]LogPackFactory: Copied "../../../Samples/StarterContent/Content/StarterContent/Particles/Materials/M_Spark.uasset" to "../../../../../../perpet/git/BattleGame2/Content/StarterContent/Particles/Materials/M_Spark.uasset"
[2017.04.22-15.41.02:846][  0]LogPackFactory: Copied "../../../Samples/StarterContent/Content/StarterContent/Props/MaterialSphere.uasset" to "../../../../../../perpet/git/BattleGame2/Content/StarterContent/Props/MaterialSphere.uasset"
[2017.04.22-15.41.02:892][  0]LogPackFactory: Copied "../../../Samples/StarterContent/Content/StarterContent/Props/SM_Bush.uasset" to "../../../../../../perpet/git/BattleGame2/Content/StarterContent/Props/SM_Bush.uasset"
[2017.04.22-15.41.02:928][  0]LogPackFactory: Copied "../../../Samples/StarterContent/Content/StarterContent/Props/SM_Chair.uasset" to "../../../../../../perpet/git/BattleGame2/Content/StarterContent/Props/SM_Chair.uasset"
[2017.04.22-15.41.02:977][  0]LogPackFactory: Copied "../../../Samples/StarterContent/Content/StarterContent/Props/SM_CornerFrame.uasset" to "../../../../../../perpet/git/BattleGame2/Content/StarterContent/Props/SM_CornerFrame.uasset"
[2017.04.22-15.41.03:026][  0]LogPackFactory: Copied "../../../Samples/StarterContent/Content/StarterContent/Props/SM_Couch.uasset" to "../../../../../../perpet/git/BattleGame2/Content/StarterContent/Props/SM_Couch.uasset"
[2017.04.22-15.41.03:097][  0]LogPackFactory: Copied "../../../Samples/StarterContent/Content/StarterContent/Props/SM_Door.uasset" to "../../../../../../perpet/git/BattleGame2/Content/StarterContent/Props/SM_Door.uasset"
[2017.04.22-15.41.03:161][  0]LogPackFactory: Copied "../../../Samples/StarterContent/Content/StarterContent/Props/SM_DoorFrame.uasset" to "../../../../../../perpet/git/BattleGame2/Content/StarterContent/Props/SM_DoorFrame.uasset"
[2017.04.22-15.41.03:223][  0]LogPackFactory: Copied "../../../Samples/StarterContent/Content/StarterContent/Props/SM_GlassWindow.uasset" to "../../../../../../perpet/git/BattleGame2/Content/StarterContent/Props/SM_GlassWindow.uasset"
[2017.04.22-15.41.03:276][  0]LogPackFactory: Copied "../../../Samples/StarterContent/Content/StarterContent/Props/SM_Lamp_Ceiling.uasset" to "../../../../../../perpet/git/BattleGame2/Content/StarterContent/Props/SM_Lamp_Ceiling.uasset"
[2017.04.22-15.41.03:642][  0]LogPackFactory: Copied "../../../Samples/StarterContent/Content/StarterContent/Props/SM_Lamp_Wall.uasset" to "../../../../../../perpet/git/BattleGame2/Content/StarterContent/Props/SM_Lamp_Wall.uasset"
[2017.04.22-15.41.03:722][  0]LogPackFactory: Copied "../../../Samples/StarterContent/Content/StarterContent/Props/SM_MatPreviewMesh_02.uasset" to "../../../../../../perpet/git/BattleGame2/Content/StarterContent/Props/SM_MatPreviewMesh_02.uasset"
[2017.04.22-15.41.03:793][  0]LogPackFactory: Copied "../../../Samples/StarterContent/Content/StarterContent/Props/SM_PillarFrame.uasset" to "../../../../../../perpet/git/BattleGame2/Content/StarterContent/Props/SM_PillarFrame.uasset"
[2017.04.22-15.41.03:894][  0]LogPackFactory: Copied "../../../Samples/StarterContent/Content/StarterContent/Props/SM_PillarFrame300.uasset" to "../../../../../../perpet/git/BattleGame2/Content/StarterContent/Props/SM_PillarFrame300.uasset"
[2017.04.22-15.41.03:941][  0]LogPackFactory: Copied "../../../Samples/StarterContent/Content/StarterContent/Props/SM_Rock.uasset" to "../../../../../../perpet/git/BattleGame2/Content/StarterContent/Props/SM_Rock.uasset"
[2017.04.22-15.41.04:000][  0]LogPackFactory: Copied "../../../Samples/StarterContent/Content/StarterContent/Props/SM_Shelf.uasset" to "../../../../../../perpet/git/BattleGame2/Content/StarterContent/Props/SM_Shelf.uasset"
[2017.04.22-15.41.04:025][  0]LogPackFactory: Copied "../../../Samples/StarterContent/Content/StarterContent/Props/SM_Stairs.uasset" to "../../../../../../perpet/git/BattleGame2/Content/StarterContent/Props/SM_Stairs.uasset"
[2017.04.22-15.41.04:074][  0]LogPackFactory: Copied "../../../Samples/StarterContent/Content/StarterContent/Props/SM_Statue.uasset" to "../../../../../../perpet/git/BattleGame2/Content/StarterContent/Props/SM_Statue.uasset"
[2017.04.22-15.41.04:138][  0]LogPackFactory: Copied "../../../Samples/StarterContent/Content/StarterContent/Props/SM_TableRound.uasset" to "../../../../../../perpet/git/BattleGame2/Content/StarterContent/Props/SM_TableRound.uasset"
[2017.04.22-15.41.04:194][  0]LogPackFactory: Copied "../../../Samples/StarterContent/Content/StarterContent/Props/SM_WindowFrame.uasset" to "../../../../../../perpet/git/BattleGame2/Content/StarterContent/Props/SM_WindowFrame.uasset"
[2017.04.22-15.41.04:237][  0]LogPackFactory: Copied "../../../Samples/StarterContent/Content/StarterContent/Props/Materials/M_Bush.uasset" to "../../../../../../perpet/git/BattleGame2/Content/StarterContent/Props/Materials/M_Bush.uasset"
[2017.04.22-15.41.04:288][  0]LogPackFactory: Copied "../../../Samples/StarterContent/Content/StarterContent/Props/Materials/M_Chair.uasset" to "../../../../../../perpet/git/BattleGame2/Content/StarterContent/Props/Materials/M_Chair.uasset"
[2017.04.22-15.41.04:358][  0]LogPackFactory: Copied "../../../Samples/StarterContent/Content/StarterContent/Props/Materials/M_Door.uasset" to "../../../../../../perpet/git/BattleGame2/Content/StarterContent/Props/Materials/M_Door.uasset"
[2017.04.22-15.41.04:447][  0]LogPackFactory: Copied "../../../Samples/StarterContent/Content/StarterContent/Props/Materials/M_Frame.uasset" to "../../../../../../perpet/git/BattleGame2/Content/StarterContent/Props/Materials/M_Frame.uasset"
[2017.04.22-15.41.04:495][  0]LogPackFactory: Copied "../../../Samples/StarterContent/Content/StarterContent/Props/Materials/M_Lamp.uasset" to "../../../../../../perpet/git/BattleGame2/Content/StarterContent/Props/Materials/M_Lamp.uasset"
[2017.04.22-15.41.04:558][  0]LogPackFactory: Copied "../../../Samples/StarterContent/Content/StarterContent/Props/Materials/M_MaterialSphere.uasset" to "../../../../../../perpet/git/BattleGame2/Content/StarterContent/Props/Materials/M_MaterialSphere.uasset"
[2017.04.22-15.41.04:619][  0]LogPackFactory: Copied "../../../Samples/StarterContent/Content/StarterContent/Props/Materials/M_MaterialSphere_Plain.uasset" to "../../../../../../perpet/git/BattleGame2/Content/StarterContent/Props/Materials/M_MaterialSphere_Plain.uasset"
[2017.04.22-15.41.04:677][  0]LogPackFactory: Copied "../../../Samples/StarterContent/Content/StarterContent/Props/Materials/M_Rock.uasset" to "../../../../../../perpet/git/BattleGame2/Content/StarterContent/Props/Materials/M_Rock.uasset"
[2017.04.22-15.41.05:000][  0]LogPackFactory: Copied "../../../Samples/StarterContent/Content/StarterContent/Props/Materials/M_Shelf.uasset" to "../../../../../../perpet/git/BattleGame2/Content/StarterContent/Props/Materials/M_Shelf.uasset"
[2017.04.22-15.41.05:119][  0]LogPackFactory: Copied "../../../Samples/StarterContent/Content/StarterContent/Props/Materials/M_Statue.uasset" to "../../../../../../perpet/git/BattleGame2/Content/StarterContent/Props/Materials/M_Statue.uasset"
[2017.04.22-15.41.05:161][  0]LogPackFactory: Copied "../../../Samples/StarterContent/Content/StarterContent/Props/Materials/M_StatueGlass.uasset" to "../../../../../../perpet/git/BattleGame2/Content/StarterContent/Props/Materials/M_StatueGlass.uasset"
[2017.04.22-15.41.05:221][  0]LogPackFactory: Copied "../../../Samples/StarterContent/Content/StarterContent/Props/Materials/M_TableRound.uasset" to "../../../../../../perpet/git/BattleGame2/Content/StarterContent/Props/Materials/M_TableRound.uasset"
[2017.04.22-15.41.05:290][  0]LogPackFactory: Copied "../../../Samples/StarterContent/Content/StarterContent/Shapes/Shape_Cone.uasset" to "../../../../../../perpet/git/BattleGame2/Content/StarterContent/Shapes/Shape_Cone.uasset"
[2017.04.22-15.41.05:360][  0]LogPackFactory: Copied "../../../Samples/StarterContent/Content/StarterContent/Shapes/Shape_Cube.uasset" to "../../../../../../perpet/git/BattleGame2/Content/StarterContent/Shapes/Shape_Cube.uasset"
[2017.04.22-15.41.05:410][  0]LogPackFactory: Copied "../../../Samples/StarterContent/Content/StarterContent/Shapes/Shape_Cylinder.uasset" to "../../../../../../perpet/git/BattleGame2/Content/StarterContent/Shapes/Shape_Cylinder.uasset"
[2017.04.22-15.41.05:463][  0]LogPackFactory: Copied "../../../Samples/StarterContent/Content/StarterContent/Shapes/Shape_NarrowCapsule.uasset" to "../../../../../../perpet/git/BattleGame2/Content/StarterContent/Shapes/Shape_NarrowCapsule.uasset"
[2017.04.22-15.41.05:517][  0]LogPackFactory: Copied "../../../Samples/StarterContent/Content/StarterContent/Shapes/Shape_Pipe.uasset" to "../../../../../../perpet/git/BattleGame2/Content/StarterContent/Shapes/Shape_Pipe.uasset"
[2017.04.22-15.41.05:576][  0]LogPackFactory: Copied "../../../Samples/StarterContent/Content/StarterContent/Shapes/Shape_Pipe_180.uasset" to "../../../../../../perpet/git/BattleGame2/Content/StarterContent/Shapes/Shape_Pipe_180.uasset"
[2017.04.22-15.41.05:626][  0]LogPackFactory: Copied "../../../Samples/StarterContent/Content/StarterContent/Shapes/Shape_Pipe_90.uasset" to "../../../../../../perpet/git/BattleGame2/Content/StarterContent/Shapes/Shape_Pipe_90.uasset"
[2017.04.22-15.41.05:922][  0]LogPackFactory: Copied "../../../Samples/StarterContent/Content/StarterContent/Shapes/Shape_Plane.uasset" to "../../../../../../perpet/git/BattleGame2/Content/StarterContent/Shapes/Shape_Plane.uasset"
[2017.04.22-15.41.05:961][  0]LogPackFactory: Copied "../../../Samples/StarterContent/Content/StarterContent/Shapes/Shape_QuadPyramid.uasset" to "../../../../../../perpet/git/BattleGame2/Content/StarterContent/Shapes/Shape_QuadPyramid.uasset"
[2017.04.22-15.41.06:003][  0]LogPackFactory: Copied "../../../Samples/StarterContent/Content/StarterContent/Shapes/Shape_Sphere.uasset" to "../../../../../../perpet/git/BattleGame2/Content/StarterContent/Shapes/Shape_Sphere.uasset"
[2017.04.22-15.41.06:066][  0]LogPackFactory: Copied "../../../Samples/StarterContent/Content/StarterContent/Shapes/Shape_Torus.uasset" to "../../../../../../perpet/git/BattleGame2/Content/StarterContent/Shapes/Shape_Torus.uasset"
[2017.04.22-15.41.06:107][  0]LogPackFactory: Copied "../../../Samples/StarterContent/Content/StarterContent/Shapes/Shape_Trim.uasset" to "../../../../../../perpet/git/BattleGame2/Content/StarterContent/Shapes/Shape_Trim.uasset"
[2017.04.22-15.41.06:145][  0]LogPackFactory: Copied "../../../Samples/StarterContent/Content/StarterContent/Shapes/Shape_Trim_90_In.uasset" to "../../../../../../perpet/git/BattleGame2/Content/StarterContent/Shapes/Shape_Trim_90_In.uasset"
[2017.04.22-15.41.06:187][  0]LogPackFactory: Copied "../../../Samples/StarterContent/Content/StarterContent/Shapes/Shape_Trim_90_Out.uasset" to "../../../../../../perpet/git/BattleGame2/Content/StarterContent/Shapes/Shape_Trim_90_Out.uasset"
[2017.04.22-15.41.06:221][  0]LogPackFactory: Copied "../../../Samples/StarterContent/Content/StarterContent/Shapes/Shape_TriPyramid.uasset" to "../../../../../../perpet/git/BattleGame2/Content/StarterContent/Shapes/Shape_TriPyramid.uasset"
[2017.04.22-15.41.06:279][  0]LogPackFactory: Copied "../../../Samples/StarterContent/Content/StarterContent/Shapes/Shape_Tube.uasset" to "../../../../../../perpet/git/BattleGame2/Content/StarterContent/Shapes/Shape_Tube.uasset"
[2017.04.22-15.41.06:317][  0]LogPackFactory: Copied "../../../Samples/StarterContent/Content/StarterContent/Shapes/Shape_Wedge_A.uasset" to "../../../../../../perpet/git/BattleGame2/Content/StarterContent/Shapes/Shape_Wedge_A.uasset"
[2017.04.22-15.41.06:353][  0]LogPackFactory: Copied "../../../Samples/StarterContent/Content/StarterContent/Shapes/Shape_Wedge_B.uasset" to "../../../../../../perpet/git/BattleGame2/Content/StarterContent/Shapes/Shape_Wedge_B.uasset"
[2017.04.22-15.41.06:400][  0]LogPackFactory: Copied "../../../Samples/StarterContent/Content/StarterContent/Shapes/Shape_WideCapsule.uasset" to "../../../../../../perpet/git/BattleGame2/Content/StarterContent/Shapes/Shape_WideCapsule.uasset"
[2017.04.22-15.41.06:502][  0]LogPackFactory: Copied "../../../Samples/StarterContent/Content/StarterContent/Textures/T_Brick_Clay_Beveled_D.uasset" to "../../../../../../perpet/git/BattleGame2/Content/StarterContent/Textures/T_Brick_Clay_Beveled_D.uasset"
[2017.04.22-15.41.06:625][  0]LogPackFactory: Copied "../../../Samples/StarterContent/Content/StarterContent/Textures/T_Brick_Clay_Beveled_M.uasset" to "../../../../../../perpet/git/BattleGame2/Content/StarterContent/Textures/T_Brick_Clay_Beveled_M.uasset"
[2017.04.22-15.41.06:741][  0]LogPackFactory: Copied "../../../Samples/StarterContent/Content/StarterContent/Textures/T_Brick_Clay_Beveled_N.uasset" to "../../../../../../perpet/git/BattleGame2/Content/StarterContent/Textures/T_Brick_Clay_Beveled_N.uasset"
[2017.04.22-15.41.06:863][  0]LogPackFactory: Copied "../../../Samples/StarterContent/Content/StarterContent/Textures/T_Brick_Clay_New_D.uasset" to "../../../../../../perpet/git/BattleGame2/Content/StarterContent/Textures/T_Brick_Clay_New_D.uasset"
[2017.04.22-15.41.07:079][  0]LogPackFactory: Copied "../../../Samples/StarterContent/Content/StarterContent/Textures/T_Brick_Clay_New_M.uasset" to "../../../../../../perpet/git/BattleGame2/Content/StarterContent/Textures/T_Brick_Clay_New_M.uasset"
[2017.04.22-15.41.07:353][  0]LogPackFactory: Copied "../../../Samples/StarterContent/Content/StarterContent/Textures/T_Brick_Clay_New_N.uasset" to "../../../../../../perpet/git/BattleGame2/Content/StarterContent/Textures/T_Brick_Clay_New_N.uasset"
[2017.04.22-15.41.07:411][  0]LogPackFactory: Copied "../../../Samples/StarterContent/Content/StarterContent/Textures/T_Brick_Clay_Old_D.uasset" to "../../../../../../perpet/git/BattleGame2/Content/StarterContent/Textures/T_Brick_Clay_Old_D.uasset"
[2017.04.22-15.41.08:549][  0]LogPackFactory: Copied "../../../Samples/StarterContent/Content/StarterContent/Textures/T_Brick_Clay_Old_N.uasset" to "../../../../../../perpet/git/BattleGame2/Content/StarterContent/Textures/T_Brick_Clay_Old_N.uasset"
[2017.04.22-15.41.08:988][  0]LogPackFactory: Copied "../../../Samples/StarterContent/Content/StarterContent/Textures/T_Brick_Cut_Stone_D.uasset" to "../../../../../../perpet/git/BattleGame2/Content/StarterContent/Textures/T_Brick_Cut_Stone_D.uasset"
[2017.04.22-15.41.09:029][  0]LogPackFactory: Copied "../../../Samples/StarterContent/Content/StarterContent/Textures/T_Brick_Cut_Stone_N.uasset" to "../../../../../../perpet/git/BattleGame2/Content/StarterContent/Textures/T_Brick_Cut_Stone_N.uasset"
[2017.04.22-15.41.09:116][  0]LogPackFactory: Copied "../../../Samples/StarterContent/Content/StarterContent/Textures/T_Brick_Hewn_Stone_D.uasset" to "../../../../../../perpet/git/BattleGame2/Content/StarterContent/Textures/T_Brick_Hewn_Stone_D.uasset"
[2017.04.22-15.41.09:275][  0]LogPackFactory: Copied "../../../Samples/StarterContent/Content/StarterContent/Textures/T_Brick_Hewn_Stone_M.uasset" to "../../../../../../perpet/git/BattleGame2/Content/StarterContent/Textures/T_Brick_Hewn_Stone_M.uasset"
[2017.04.22-15.41.09:402][  0]LogPackFactory: Copied "../../../Samples/StarterContent/Content/StarterContent/Textures/T_Brick_Hewn_Stone_N.uasset" to "../../../../../../perpet/git/BattleGame2/Content/StarterContent/Textures/T_Brick_Hewn_Stone_N.uasset"
[2017.04.22-15.41.09:532][  0]LogPackFactory: Copied "../../../Samples/StarterContent/Content/StarterContent/Textures/T_Burst_M.uasset" to "../../../../../../perpet/git/BattleGame2/Content/StarterContent/Textures/T_Burst_M.uasset"
[2017.04.22-15.41.09:585][  0]LogPackFactory: Copied "../../../Samples/StarterContent/Content/StarterContent/Textures/T_Bush_D.uasset" to "../../../../../../perpet/git/BattleGame2/Content/StarterContent/Textures/T_Bush_D.uasset"
[2017.04.22-15.41.09:664][  0]LogPackFactory: Copied "../../../Samples/StarterContent/Content/StarterContent/Textures/T_Bush_N.uasset" to "../../../../../../perpet/git/BattleGame2/Content/StarterContent/Textures/T_Bush_N.uasset"
[2017.04.22-15.41.09:696][  0]LogPackFactory: Copied "../../../Samples/StarterContent/Content/StarterContent/Textures/T_Ceramic_Tile_M.uasset" to "../../../../../../perpet/git/BattleGame2/Content/StarterContent/Textures/T_Ceramic_Tile_M.uasset"
[2017.04.22-15.41.09:774][  0]LogPackFactory: Copied "../../../Samples/StarterContent/Content/StarterContent/Textures/T_Ceramic_Tile_N.uasset" to "../../../../../../perpet/git/BattleGame2/Content/StarterContent/Textures/T_Ceramic_Tile_N.uasset"
[2017.04.22-15.41.09:830][  0]LogPackFactory: Copied "../../../Samples/StarterContent/Content/StarterContent/Textures/T_Chair_M.uasset" to "../../../../../../perpet/git/BattleGame2/Content/StarterContent/Textures/T_Chair_M.uasset"
[2017.04.22-15.41.09:894][  0]LogPackFactory: Copied "../../../Samples/StarterContent/Content/StarterContent/Textures/T_Chair_N.uasset" to "../../../../../../perpet/git/BattleGame2/Content/StarterContent/Textures/T_Chair_N.uasset"
[2017.04.22-15.41.09:961][  0]LogPackFactory: Copied "../../../Samples/StarterContent/Content/StarterContent/Textures/T_Checker_Noise_M.uasset" to "../../../../../../perpet/git/BattleGame2/Content/StarterContent/Textures/T_Checker_Noise_M.uasset"
[2017.04.22-15.41.10:046][  0]LogPackFactory: Copied "../../../Samples/StarterContent/Content/StarterContent/Textures/T_CobbleStone_Pebble_D.uasset" to "../../../../../../perpet/git/BattleGame2/Content/StarterContent/Textures/T_CobbleStone_Pebble_D.uasset"
[2017.04.22-15.41.10:087][  0]LogPackFactory: Copied "../../../Samples/StarterContent/Content/StarterContent/Textures/T_CobbleStone_Pebble_M.uasset" to "../../../../../../perpet/git/BattleGame2/Content/StarterContent/Textures/T_CobbleStone_Pebble_M.uasset"
[2017.04.22-15.41.10:455][  0]LogPackFactory: Copied "../../../Samples/StarterContent/Content/StarterContent/Textures/T_CobbleStone_Pebble_N.uasset" to "../../../../../../perpet/git/BattleGame2/Content/StarterContent/Textures/T_CobbleStone_Pebble_N.uasset"
[2017.04.22-15.41.10:600][  0]LogPackFactory: Copied "../../../Samples/StarterContent/Content/StarterContent/Textures/T_CobbleStone_Rough_D.uasset" to "../../../../../../perpet/git/BattleGame2/Content/StarterContent/Textures/T_CobbleStone_Rough_D.uasset"
[2017.04.22-15.41.10:675][  0]LogPackFactory: Copied "../../../Samples/StarterContent/Content/StarterContent/Textures/T_CobbleStone_Rough_N.uasset" to "../../../../../../perpet/git/BattleGame2/Content/StarterContent/Textures/T_CobbleStone_Rough_N.uasset"
[2017.04.22-15.41.10:712][  0]LogPackFactory: Copied "../../../Samples/StarterContent/Content/StarterContent/Textures/T_CobbleStone_Smooth_D.uasset" to "../../../../../../perpet/git/BattleGame2/Content/StarterContent/Textures/T_CobbleStone_Smooth_D.uasset"
[2017.04.22-15.41.10:825][  0]LogPackFactory: Copied "../../../Samples/StarterContent/Content/StarterContent/Textures/T_CobbleStone_Smooth_M.uasset" to "../../../../../../perpet/git/BattleGame2/Content/StarterContent/Textures/T_CobbleStone_Smooth_M.uasset"
[2017.04.22-15.41.11:136][  0]LogPackFactory: Copied "../../../Samples/StarterContent/Content/StarterContent/Textures/T_CobbleStone_Smooth_N.uasset" to "../../../../../../perpet/git/BattleGame2/Content/StarterContent/Textures/T_CobbleStone_Smooth_N.uasset"
[2017.04.22-15.41.11:217][  0]LogPackFactory: Copied "../../../Samples/StarterContent/Content/StarterContent/Textures/T_Concrete_Grime_D.uasset" to "../../../../../../perpet/git/BattleGame2/Content/StarterContent/Textures/T_Concrete_Grime_D.uasset"
[2017.04.22-15.41.11:328][  0]LogPackFactory: Copied "../../../Samples/StarterContent/Content/StarterContent/Textures/T_Concrete_Panels_D.uasset" to "../../../../../../perpet/git/BattleGame2/Content/StarterContent/Textures/T_Concrete_Panels_D.uasset"
[2017.04.22-15.41.11:567][  0]LogPackFactory: Copied "../../../Samples/StarterContent/Content/StarterContent/Textures/T_Concrete_Panels_N.uasset" to "../../../../../../perpet/git/BattleGame2/Content/StarterContent/Textures/T_Concrete_Panels_N.uasset"
[2017.04.22-15.41.11:907][  0]LogPackFactory: Copied "../../../Samples/StarterContent/Content/StarterContent/Textures/T_Concrete_Poured_D.uasset" to "../../../../../../perpet/git/BattleGame2/Content/StarterContent/Textures/T_Concrete_Poured_D.uasset"
[2017.04.22-15.41.12:677][  0]LogPackFactory: Copied "../../../Samples/StarterContent/Content/StarterContent/Textures/T_Concrete_Poured_N.uasset" to "../../../../../../perpet/git/BattleGame2/Content/StarterContent/Textures/T_Concrete_Poured_N.uasset"
[2017.04.22-15.41.12:881][  0]LogPackFactory: Copied "../../../Samples/StarterContent/Content/StarterContent/Textures/T_Concrete_Tiles_D.uasset" to "../../../../../../perpet/git/BattleGame2/Content/StarterContent/Textures/T_Concrete_Tiles_D.uasset"
[2017.04.22-15.41.13:108][  0]LogPackFactory: Copied "../../../Samples/StarterContent/Content/StarterContent/Textures/T_Concrete_Tiles_M.uasset" to "../../../../../../perpet/git/BattleGame2/Content/StarterContent/Textures/T_Concrete_Tiles_M.uasset"
[2017.04.22-15.41.13:165][  0]LogPackFactory: Copied "../../../Samples/StarterContent/Content/StarterContent/Textures/T_Concrete_Tiles_N.uasset" to "../../../../../../perpet/git/BattleGame2/Content/StarterContent/Textures/T_Concrete_Tiles_N.uasset"
[2017.04.22-15.41.13:297][  0]LogPackFactory: Copied "../../../Samples/StarterContent/Content/StarterContent/Textures/T_Concrete_Tiles_Variation_M.uasset" to "../../../../../../perpet/git/BattleGame2/Content/StarterContent/Textures/T_Concrete_Tiles_Variation_M.uasset"
[2017.04.22-15.41.14:431][  0]LogPackFactory: Copied "../../../Samples/StarterContent/Content/StarterContent/Textures/T_Detail_Rocky_N.uasset" to "../../../../../../perpet/git/BattleGame2/Content/StarterContent/Textures/T_Detail_Rocky_N.uasset"
[2017.04.22-15.41.14:611][  0]LogPackFactory: Copied "../../../Samples/StarterContent/Content/StarterContent/Textures/T_Door_M.uasset" to "../../../../../../perpet/git/BattleGame2/Content/StarterContent/Textures/T_Door_M.uasset"
[2017.04.22-15.41.14:669][  0]LogPackFactory: Copied "../../../Samples/StarterContent/Content/StarterContent/Textures/T_Door_N.uasset" to "../../../../../../perpet/git/BattleGame2/Content/StarterContent/Textures/T_Door_N.uasset"
[2017.04.22-15.41.14:739][  0]LogPackFactory: Copied "../../../Samples/StarterContent/Content/StarterContent/Textures/T_Dust_Particle_D.uasset" to "../../../../../../perpet/git/BattleGame2/Content/StarterContent/Textures/T_Dust_Particle_D.uasset"
[2017.04.22-15.41.14:844][  0]LogPackFactory: Copied "../../../Samples/StarterContent/Content/StarterContent/Textures/T_Explosion_SubUV.uasset" to "../../../../../../perpet/git/BattleGame2/Content/StarterContent/Textures/T_Explosion_SubUV.uasset"
[2017.04.22-15.41.15:498][  0]LogPackFactory: Copied "../../../Samples/StarterContent/Content/StarterContent/Textures/T_Fire_SubUV.uasset" to "../../../../../../perpet/git/BattleGame2/Content/StarterContent/Textures/T_Fire_SubUV.uasset"
[2017.04.22-15.41.15:645][  0]LogPackFactory: Copied "../../../Samples/StarterContent/Content/StarterContent/Textures/T_Fire_Tiled_D.uasset" to "../../../../../../perpet/git/BattleGame2/Content/StarterContent/Textures/T_Fire_Tiled_D.uasset"
[2017.04.22-15.41.15:839][  0]LogPackFactory: Copied "../../../Samples/StarterContent/Content/StarterContent/Textures/T_Frame_M.uasset" to "../../../../../../perpet/git/BattleGame2/Content/StarterContent/Textures/T_Frame_M.uasset"
[2017.04.22-15.41.16:070][  0]LogPackFactory: Copied "../../../Samples/StarterContent/Content/StarterContent/Textures/T_Frame_N.uasset" to "../../../../../../perpet/git/BattleGame2/Content/StarterContent/Textures/T_Frame_N.uasset"
[2017.04.22-15.41.17:268][  0]LogPackFactory: Copied "../../../Samples/StarterContent/Content/StarterContent/Textures/T_Gradinet_01.uasset" to "../../../../../../perpet/git/BattleGame2/Content/StarterContent/Textures/T_Gradinet_01.uasset"
[2017.04.22-15.41.17:661][  0]LogPackFactory: Copied "../../../Samples/StarterContent/Content/StarterContent/Textures/T_Ground_Grass_D.uasset" to "../../../../../../perpet/git/BattleGame2/Content/StarterContent/Textures/T_Ground_Grass_D.uasset"
[2017.04.22-15.41.18:169][  0]LogPackFactory: Copied "../../../Samples/StarterContent/Content/StarterContent/Textures/T_Ground_Grass_N.uasset" to "../../../../../../perpet/git/BattleGame2/Content/StarterContent/Textures/T_Ground_Grass_N.uasset"
[2017.04.22-15.41.18:368][  0]LogPackFactory: Copied "../../../Samples/StarterContent/Content/StarterContent/Textures/T_Ground_Gravel_D.uasset" to "../../../../../../perpet/git/BattleGame2/Content/StarterContent/Textures/T_Ground_Gravel_D.uasset"
[2017.04.22-15.41.18:737][  0]LogPackFactory: Copied "../../../Samples/StarterContent/Content/StarterContent/Textures/T_Ground_Gravel_N.uasset" to "../../../../../../perpet/git/BattleGame2/Content/StarterContent/Textures/T_Ground_Gravel_N.uasset"
[2017.04.22-15.41.19:166][  0]LogPackFactory: Copied "../../../Samples/StarterContent/Content/StarterContent/Textures/T_ground_Moss_D.uasset" to "../../../../../../perpet/git/BattleGame2/Content/StarterContent/Textures/T_ground_Moss_D.uasset"
[2017.04.22-15.41.19:515][  0]LogPackFactory: Copied "../../../Samples/StarterContent/Content/StarterContent/Textures/T_Ground_Moss_N.uasset" to "../../../../../../perpet/git/BattleGame2/Content/StarterContent/Textures/T_Ground_Moss_N.uasset"
[2017.04.22-15.41.19:971][  0]LogPackFactory: Copied "../../../Samples/StarterContent/Content/StarterContent/Textures/T_Lamp_M.uasset" to "../../../../../../perpet/git/BattleGame2/Content/StarterContent/Textures/T_Lamp_M.uasset"
[2017.04.22-15.41.20:686][  0]LogPackFactory: Copied "../../../Samples/StarterContent/Content/StarterContent/Textures/T_Lamp_N.uasset" to "../../../../../../perpet/git/BattleGame2/Content/StarterContent/Textures/T_Lamp_N.uasset"
[2017.04.22-15.41.20:821][  0]LogPackFactory: Copied "../../../Samples/StarterContent/Content/StarterContent/Textures/T_MacroVariation.uasset" to "../../../../../../perpet/git/BattleGame2/Content/StarterContent/Textures/T_MacroVariation.uasset"
[2017.04.22-15.41.21:921][  0]LogPackFactory: Copied "../../../Samples/StarterContent/Content/StarterContent/Textures/T_Metal_Aluminum_D.uasset" to "../../../../../../perpet/git/BattleGame2/Content/StarterContent/Textures/T_Metal_Aluminum_D.uasset"
[2017.04.22-15.41.22:267][  0]LogPackFactory: Copied "../../../Samples/StarterContent/Content/StarterContent/Textures/T_Metal_Copper_D.uasset" to "../../../../../../perpet/git/BattleGame2/Content/StarterContent/Textures/T_Metal_Copper_D.uasset"
[2017.04.22-15.41.23:168][  0]LogPackFactory: Copied "../../../Samples/StarterContent/Content/StarterContent/Textures/T_Metal_Gold_D.uasset" to "../../../../../../perpet/git/BattleGame2/Content/StarterContent/Textures/T_Metal_Gold_D.uasset"
[2017.04.22-15.41.23:267][  0]LogPackFactory: Copied "../../../Samples/StarterContent/Content/StarterContent/Textures/T_Metal_Gold_N.uasset" to "../../../../../../perpet/git/BattleGame2/Content/StarterContent/Textures/T_Metal_Gold_N.uasset"
[2017.04.22-15.41.23:474][  0]LogPackFactory: Copied "../../../Samples/StarterContent/Content/StarterContent/Textures/T_Metal_Rust_D.uasset" to "../../../../../../perpet/git/BattleGame2/Content/StarterContent/Textures/T_Metal_Rust_D.uasset"
[2017.04.22-15.41.23:713][  0]LogPackFactory: Copied "../../../Samples/StarterContent/Content/StarterContent/Textures/T_Metal_Rust_N.uasset" to "../../../../../../perpet/git/BattleGame2/Content/StarterContent/Textures/T_Metal_Rust_N.uasset"
[2017.04.22-15.41.24:070][  0]LogPackFactory: Copied "../../../Samples/StarterContent/Content/StarterContent/Textures/T_Metal_Steel_D.uasset" to "../../../../../../perpet/git/BattleGame2/Content/StarterContent/Textures/T_Metal_Steel_D.uasset"
[2017.04.22-15.41.24:195][  0]LogPackFactory: Copied "../../../Samples/StarterContent/Content/StarterContent/Textures/T_Metal_Steel_N.uasset" to "../../../../../../perpet/git/BattleGame2/Content/StarterContent/Textures/T_Metal_Steel_N.uasset"
[2017.04.22-15.41.24:716][  0]LogPackFactory: Copied "../../../Samples/StarterContent/Content/StarterContent/Textures/T_Perlin_Noise_M.uasset" to "../../../../../../perpet/git/BattleGame2/Content/StarterContent/Textures/T_Perlin_Noise_M.uasset"
[2017.04.22-15.41.25:114][  0]LogPackFactory: Copied "../../../Samples/StarterContent/Content/StarterContent/Textures/T_RockMesh_M.uasset" to "../../../../../../perpet/git/BattleGame2/Content/StarterContent/Textures/T_RockMesh_M.uasset"
[2017.04.22-15.41.25:195][  0]LogPackFactory: Copied "../../../Samples/StarterContent/Content/StarterContent/Textures/T_RockMesh_N.uasset" to "../../../../../../perpet/git/BattleGame2/Content/StarterContent/Textures/T_RockMesh_N.uasset"
[2017.04.22-15.41.25:322][  0]LogPackFactory: Copied "../../../Samples/StarterContent/Content/StarterContent/Textures/T_Rock_Basalt_D.uasset" to "../../../../../../perpet/git/BattleGame2/Content/StarterContent/Textures/T_Rock_Basalt_D.uasset"
[2017.04.22-15.41.25:606][  0]LogPackFactory: Copied "../../../Samples/StarterContent/Content/StarterContent/Textures/T_Rock_Basalt_N.uasset" to "../../../../../../perpet/git/BattleGame2/Content/StarterContent/Textures/T_Rock_Basalt_N.uasset"
[2017.04.22-15.41.26:895][  0]LogPackFactory: Copied "../../../Samples/StarterContent/Content/StarterContent/Textures/T_Rock_Marble_Polished_D.uasset" to "../../../../../../perpet/git/BattleGame2/Content/StarterContent/Textures/T_Rock_Marble_Polished_D.uasset"
[2017.04.22-15.41.27:173][  0]LogPackFactory: Copied "../../../Samples/StarterContent/Content/StarterContent/Textures/T_Rock_Sandstone_D.uasset" to "../../../../../../perpet/git/BattleGame2/Content/StarterContent/Textures/T_Rock_Sandstone_D.uasset"
[2017.04.22-15.41.27:245][  0]LogPackFactory: Copied "../../../Samples/StarterContent/Content/StarterContent/Textures/T_Rock_Sandstone_N.uasset" to "../../../../../../perpet/git/BattleGame2/Content/StarterContent/Textures/T_Rock_Sandstone_N.uasset"
[2017.04.22-15.41.27:351][  0]LogPackFactory: Copied "../../../Samples/StarterContent/Content/StarterContent/Textures/T_Rock_Slate_D.uasset" to "../../../../../../perpet/git/BattleGame2/Content/StarterContent/Textures/T_Rock_Slate_D.uasset"
[2017.04.22-15.41.27:566][  0]LogPackFactory: Copied "../../../Samples/StarterContent/Content/StarterContent/Textures/T_Rock_Slate_N.uasset" to "../../../../../../perpet/git/BattleGame2/Content/StarterContent/Textures/T_Rock_Slate_N.uasset"
[2017.04.22-15.41.27:614][  0]LogPackFactory: Copied "../../../Samples/StarterContent/Content/StarterContent/Textures/T_Rock_Smooth_Granite_D.uasset" to "../../../../../../perpet/git/BattleGame2/Content/StarterContent/Textures/T_Rock_Smooth_Granite_D.uasset"
[2017.04.22-15.41.27:648][  0]LogPackFactory: Copied "../../../Samples/StarterContent/Content/StarterContent/Textures/T_Shelf_M.uasset" to "../../../../../../perpet/git/BattleGame2/Content/StarterContent/Textures/T_Shelf_M.uasset"
[2017.04.22-15.41.27:718][  0]LogPackFactory: Copied "../../../Samples/StarterContent/Content/StarterContent/Textures/T_Shelf_N.uasset" to "../../../../../../perpet/git/BattleGame2/Content/StarterContent/Textures/T_Shelf_N.uasset"
[2017.04.22-15.41.27:757][  0]LogPackFactory: Copied "../../../Samples/StarterContent/Content/StarterContent/Textures/T_Single_Tile_N.uasset" to "../../../../../../perpet/git/BattleGame2/Content/StarterContent/Textures/T_Single_Tile_N.uasset"
[2017.04.22-15.41.28:042][  0]LogPackFactory: Copied "../../../Samples/StarterContent/Content/StarterContent/Textures/T_Smoke_SubUV.uasset" to "../../../../../../perpet/git/BattleGame2/Content/StarterContent/Textures/T_Smoke_SubUV.uasset"
[2017.04.22-15.41.28:132][  0]LogPackFactory: Copied "../../../Samples/StarterContent/Content/StarterContent/Textures/T_Smoke_Tiled_D.uasset" to "../../../../../../perpet/git/BattleGame2/Content/StarterContent/Textures/T_Smoke_Tiled_D.uasset"
[2017.04.22-15.41.28:189][  0]LogPackFactory: Copied "../../../Samples/StarterContent/Content/StarterContent/Textures/T_Spark_Core.uasset" to "../../../../../../perpet/git/BattleGame2/Content/StarterContent/Textures/T_Spark_Core.uasset"
[2017.04.22-15.41.28:255][  0]LogPackFactory: Copied "../../../Samples/StarterContent/Content/StarterContent/Textures/T_Statue_M.uasset" to "../../../../../../perpet/git/BattleGame2/Content/StarterContent/Textures/T_Statue_M.uasset"
[2017.04.22-15.41.28:448][  0]LogPackFactory: Copied "../../../Samples/StarterContent/Content/StarterContent/Textures/T_Statue_N.uasset" to "../../../../../../perpet/git/BattleGame2/Content/StarterContent/Textures/T_Statue_N.uasset"
[2017.04.22-15.41.28:512][  0]LogPackFactory: Copied "../../../Samples/StarterContent/Content/StarterContent/Textures/T_TableRound_M.uasset" to "../../../../../../perpet/git/BattleGame2/Content/StarterContent/Textures/T_TableRound_M.uasset"
[2017.04.22-15.41.28:553][  0]LogPackFactory: Copied "../../../Samples/StarterContent/Content/StarterContent/Textures/T_TableRound_N.uasset" to "../../../../../../perpet/git/BattleGame2/Content/StarterContent/Textures/T_TableRound_N.uasset"
[2017.04.22-15.41.28:711][  0]LogPackFactory: Copied "../../../Samples/StarterContent/Content/StarterContent/Textures/T_Tech_Dot_M.uasset" to "../../../../../../perpet/git/BattleGame2/Content/StarterContent/Textures/T_Tech_Dot_M.uasset"
[2017.04.22-15.41.28:880][  0]LogPackFactory: Copied "../../../Samples/StarterContent/Content/StarterContent/Textures/T_Tech_Dot_N.uasset" to "../../../../../../perpet/git/BattleGame2/Content/StarterContent/Textures/T_Tech_Dot_N.uasset"
[2017.04.22-15.41.28:933][  0]LogPackFactory: Copied "../../../Samples/StarterContent/Content/StarterContent/Textures/T_Tech_Hex_Tile_M.uasset" to "../../../../../../perpet/git/BattleGame2/Content/StarterContent/Textures/T_Tech_Hex_Tile_M.uasset"
[2017.04.22-15.41.28:990][  0]LogPackFactory: Copied "../../../Samples/StarterContent/Content/StarterContent/Textures/T_Tech_Hex_Tile_N.uasset" to "../../../../../../perpet/git/BattleGame2/Content/StarterContent/Textures/T_Tech_Hex_Tile_N.uasset"
[2017.04.22-15.41.29:025][  0]LogPackFactory: Copied "../../../Samples/StarterContent/Content/StarterContent/Textures/T_Tech_Panel_M.uasset" to "../../../../../../perpet/git/BattleGame2/Content/StarterContent/Textures/T_Tech_Panel_M.uasset"
[2017.04.22-15.41.29:096][  0]LogPackFactory: Copied "../../../Samples/StarterContent/Content/StarterContent/Textures/T_Tech_Panel_N.uasset" to "../../../../../../perpet/git/BattleGame2/Content/StarterContent/Textures/T_Tech_Panel_N.uasset"
[2017.04.22-15.41.29:152][  0]LogPackFactory: Copied "../../../Samples/StarterContent/Content/StarterContent/Textures/T_Water_M.uasset" to "../../../../../../perpet/git/BattleGame2/Content/StarterContent/Textures/T_Water_M.uasset"
[2017.04.22-15.41.29:235][  0]LogPackFactory: Copied "../../../Samples/StarterContent/Content/StarterContent/Textures/T_Water_N.uasset" to "../../../../../../perpet/git/BattleGame2/Content/StarterContent/Textures/T_Water_N.uasset"
[2017.04.22-15.41.29:341][  0]LogPackFactory: Copied "../../../Samples/StarterContent/Content/StarterContent/Textures/T_Wood_Floor_Walnut_D.uasset" to "../../../../../../perpet/git/BattleGame2/Content/StarterContent/Textures/T_Wood_Floor_Walnut_D.uasset"
[2017.04.22-15.41.29:433][  0]LogPackFactory: Copied "../../../Samples/StarterContent/Content/StarterContent/Textures/T_Wood_Floor_Walnut_M.uasset" to "../../../../../../perpet/git/BattleGame2/Content/StarterContent/Textures/T_Wood_Floor_Walnut_M.uasset"
[2017.04.22-15.41.29:487][  0]LogPackFactory: Copied "../../../Samples/StarterContent/Content/StarterContent/Textures/T_Wood_Floor_Walnut_N.uasset" to "../../../../../../perpet/git/BattleGame2/Content/StarterContent/Textures/T_Wood_Floor_Walnut_N.uasset"
[2017.04.22-15.41.29:612][  0]LogPackFactory: Copied "../../../Samples/StarterContent/Content/StarterContent/Textures/T_Wood_Oak_D.uasset" to "../../../../../../perpet/git/BattleGame2/Content/StarterContent/Textures/T_Wood_Oak_D.uasset"
[2017.04.22-15.41.30:093][  0]LogPackFactory: Copied "../../../Samples/StarterContent/Content/StarterContent/Textures/T_Wood_Oak_N.uasset" to "../../../../../../perpet/git/BattleGame2/Content/StarterContent/Textures/T_Wood_Oak_N.uasset"
[2017.04.22-15.41.31:352][  0]LogPackFactory: Copied "../../../Samples/StarterContent/Content/StarterContent/Textures/T_Wood_Pine_D.uasset" to "../../../../../../perpet/git/BattleGame2/Content/StarterContent/Textures/T_Wood_Pine_D.uasset"
[2017.04.22-15.41.31:518][  0]LogPackFactory: Copied "../../../Samples/StarterContent/Content/StarterContent/Textures/T_Wood_Pine_N.uasset" to "../../../../../../perpet/git/BattleGame2/Content/StarterContent/Textures/T_Wood_Pine_N.uasset"
[2017.04.22-15.41.31:573][  0]LogPackFactory: Copied "../../../Samples/StarterContent/Content/StarterContent/Textures/T_Wood_Walnut_D.uasset" to "../../../../../../perpet/git/BattleGame2/Content/StarterContent/Textures/T_Wood_Walnut_D.uasset"
[2017.04.22-15.41.31:710][  0]LogPackFactory: Copied "../../../Samples/StarterContent/Content/StarterContent/Textures/T_Wood_Walnut_N.uasset" to "../../../../../../perpet/git/BattleGame2/Content/StarterContent/Textures/T_Wood_Walnut_N.uasset"
[2017.04.22-15.41.47:412][  0]LogRenderer: Reallocating scene render targets to support 256x256 NumSamples 1 (Frame:2).
[2017.04.22-15.41.54:110][  0]Cmd: OBJ SAVEPACKAGE PACKAGE="/Game/StarterContent/Architecture/Floor_400x400" FILE="../../../../../../perpet/git/BattleGame2/Content/StarterContent/Architecture/Floor_400x400.uasset" SILENT=true
[2017.04.22-15.41.57:921][  0]LogSavePackage: Save=3234.26ms
[2017.04.22-15.41.57:921][  0]LogSavePackage: Moving '../../../../../../perpet/git/BattleGame2/Saved/Floor_400x400574DD3E146551B4CE90C6ABF616C0737.tmp' to '../../../../../../perpet/git/BattleGame2/Content/StarterContent/Architecture/Floor_400x400.uasset'
[2017.04.22-15.41.59:433][  0]LogSavePackage:Display: Finished SavePackage ../../../../../../perpet/git/BattleGame2/Content/StarterContent/Architecture/Floor_400x400.uasset
[2017.04.22-15.41.59:536][  0]LogFeaturePack:Warning: Inserted 1 feature packs
[2017.04.22-15.42.00:153][  0]Cmd: MAP LOAD FILE="../../../../../../perpet/git/BattleGame2/Content/ThirdPersonBP/Maps/ThirdPersonExampleMap.umap" TEMPLATE=0 SHOWPROGRESS=1 FEATURELEVEL=3
[2017.04.22-15.42.00:155][  0]LightingResults: New page: 라이팅 빌드
[2017.04.22-15.42.19:282][  0]MapCheck: New page: 맵 체크
[2017.04.22-15.42.19:282][  0]LightingResults: New page: 라이팅 빌드
[2017.04.22-15.43.06:224][  0]LogAIModule: Creating AISystem for world ThirdPersonExampleMap
[2017.04.22-15.43.17:551][  0]LogEditorServer: Finished looking for orphan Actors (0.000 secs)
[2017.04.22-15.43.19:007][  0]Cmd: MAP CHECKDEP NOCLEARLOG
[2017.04.22-15.43.19:420][  0]MapCheck: 정보 맵 체크 완료: 오류 0 회, 경고 0 회, 소요 시간 366.94ms.
[2017.04.22-15.43.19:452][  0]LogFileHelpers: Loading map 'ThirdPersonExampleMap' took 79.637
[2017.04.22-15.43.24:764][  0]LogCollectionManager: Loaded 0 collections in 0.001073 seconds
[2017.04.22-15.43.24:977][  0]LogFileCache: Scanning file cache for directory 'F:/perpet/git/BattleGame2/Saved/Collections/' took 0.01s
[2017.04.22-15.43.24:977][  0]LogFileCache: Scanning file cache for directory 'F:/perpet/git/BattleGame2/Content/Developers/perpet/Collections/' took 0.01s
[2017.04.22-15.43.24:977][  0]LogFileCache: Scanning file cache for directory 'F:/perpet/git/BattleGame2/Content/Collections/' took 0.01s
[2017.04.22-15.43.24:977][  0]LogCollectionManager: Rebuilt the GUID cache for 0 collections in 0.000004 seconds
[2017.04.22-15.43.24:986][  0]LogContentBrowser: Native class hierarchy populated in 0.0080 seconds. Added 2244 classes and 450 folders.
[2017.04.22-15.43.25:148][  0]LogStats: UGameplayTagsManager::ConstructGameplayTagTree: Construct from data asset -  0.000 s
[2017.04.22-15.43.25:150][  0]LogStats: UGameplayTagsManager::ConstructGameplayTagTree: GameplayTagTreeChangedEvent.Broadcast -  0.001 s
[2017.04.22-15.43.25:235][  0]LogContentBrowser: Native class hierarchy updated for 'WidgetCarousel' in 0.0005 seconds. Added 0 classes and 0 folders.
[2017.04.22-15.43.26:603][  0]LogContentBrowser: Native class hierarchy updated for 'AddContentDialog' in 0.0004 seconds. Added 0 classes and 0 folders.
[2017.04.22-15.43.26:729][  0]LogContentBrowser: Native class hierarchy updated for 'SceneOutliner' in 0.0006 seconds. Added 1 classes and 2 folders.
[2017.04.22-15.43.30:345][  0]LogCrashTracker: Crashtracker disabled due to settings.
[2017.04.22-15.43.35:769][  0]LogContentBrowser: Native class hierarchy updated for 'HierarchicalLODOutliner' in 0.0006 seconds. Added 1 classes and 2 folders.
[2017.04.22-15.43.35:769][  0]LogLoad: (Engine Initialization) Total time: 371.34 seconds
[2017.04.22-15.43.35:769][  0]LogLoad: (Engine Initialization) Total Blueprint compile time: 12.48 seconds
[2017.04.22-15.43.35:769][  0]LogExternalProfiler: Found external profiler: VSPerf
[2017.04.22-15.43.35:769][  0]LogExternalProfiler: Using external profiler: VSPerf
[2017.04.22-15.43.36:469][  0]LogOcInput: OculusInput pre-init called
[2017.04.22-15.43.40:362][  0]LogContentStreaming: Texture pool size now 1000 MB
[2017.04.22-15.43.41:237][  0]LogSlate: Took 0.017802 seconds to synchronously load lazily loaded font '../../../Engine/Content/Slate/Fonts/Roboto-Regular.ttf' (155K)
[2017.04.22-15.43.41:537][  0]LogSlate: Took 0.268325 seconds to synchronously load lazily loaded font '../../../Engine/Content/Slate/Fonts/NanumGothic.ttf' (4243K)
[2017.04.22-15.43.41:555][  0]LogSlate: Took 0.017381 seconds to synchronously load lazily loaded font '../../../Engine/Content/Slate/Fonts/Roboto-Bold.ttf' (160K)
[2017.04.22-15.43.41:759][  0]LogSlate: Took 0.067101 seconds to synchronously load lazily loaded font '../../../Engine/Content/Editor/Slate/Fonts/FontAwesome.ttf' (139K)
[2017.04.22-15.43.44:891][  0]LogRenderer: Reallocating scene render targets to support 1208x576 NumSamples 1 (Frame:3).
[2017.04.22-15.43.44:891][  0]LogSlate: Took 0.088290 seconds to synchronously load lazily loaded font '../../../Engine/Content/Slate/Fonts/Roboto-Light.ttf' (159K)
[2017.04.22-15.43.49:364][  2]LogAssetRegistry: Asset discovery search completed in 320.1532 seconds
[2017.04.22-15.43.49:393][  2]LogCollectionManager: Rebuilt the object cache for 0 collections in 0.027579 seconds (found 0 objects)
[2017.04.22-15.43.49:393][  2]LogCollectionManager: Fixed up redirectors for 0 collections in 0.028533 seconds (updated 0 objects)
[2017.04.22-15.52.17:894][341]LogSlate: Took 0.019621 seconds to synchronously load lazily loaded font '../../../Engine/Content/Slate/Fonts/Roboto-Light.ttf' (159K)
[2017.04.22-15.52.18:950][341]LogSavePackage: Save=586.10ms
[2017.04.22-15.52.18:950][341]LogSavePackage: Moving '../../../../../../perpet/git/BattleGame2/Saved/ThirdPersonExampleMapEBF30119434A70D596FE3B855F70DB91.tmp' to '../../../../../../perpet/git/BattleGame2/Content/ThirdPersonBP/Maps/ThirdPersonExampleMap.umap'
[2017.04.22-15.52.18:951][341]LogSavePackage:Display: Finished SavePackage ../../../../../../perpet/git/BattleGame2/Content/ThirdPersonBP/Maps/ThirdPersonExampleMap.umap
[2017.04.22-15.52.19:293][341]LogSavePackage: Save=210.34ms
[2017.04.22-15.52.19:294][341]LogSavePackage: Moving '../../../../../../perpet/git/BattleGame2/Saved/ThirdPersonExampleMap_BuiltData2A63A39F4D714B14FE9060B9614F776C.tmp' to '../../../../../../perpet/git/BattleGame2/Content/ThirdPersonBP/Maps/ThirdPersonExampleMap_BuiltData.uasset'
[2017.04.22-15.52.19:294][341]LogSavePackage:Display: Finished SavePackage ../../../../../../perpet/git/BattleGame2/Content/ThirdPersonBP/Maps/ThirdPersonExampleMap_BuiltData.uasset
[2017.04.22-15.54.16:008][756]LogWindowsTextInputMethodSystem:Display: IME system now activated using TSF (Microsoft 입력기).
